Analysis & Synthesis report for ep8_2
Thu Dec 05 20:27:11 2019
Quartus Prime Version 17.1.0 Build 590 10/25/2017 SJ Lite Edition


---------------------
; Table of Contents ;
---------------------
  1. Legal Notice
  2. Analysis & Synthesis Summary
  3. Analysis & Synthesis Settings
  4. Parallel Compilation
  5. Analysis & Synthesis Source Files Read
  6. Analysis & Synthesis Resource Usage Summary
  7. Analysis & Synthesis Resource Utilization by Entity
  8. Analysis & Synthesis RAM Summary
  9. Analysis & Synthesis IP Cores Summary
 10. User-Specified and Inferred Latches
 11. General Register Statistics
 12. Inverted Register Statistics
 13. Registers Added for RAM Pass-Through Logic
 14. Source assignments for keyboard:mykey|ROM1:r1|altsyncram:altsyncram_component|altsyncram_q8f1:auto_generated
 15. Source assignments for keyboard:mykey|ROM2:r2|altsyncram:altsyncram_component|altsyncram_r8f1:auto_generated
 16. Source assignments for keyboard:mykey|ps2_keyboard:key|altsyncram:fifo_rtl_0|altsyncram_lsj1:auto_generated
 17. Parameter Settings for User Entity Instance: keyboard:mykey|ROM1:r1|altsyncram:altsyncram_component
 18. Parameter Settings for User Entity Instance: keyboard:mykey|ROM2:r2|altsyncram:altsyncram_component
 19. Parameter Settings for Inferred Entity Instance: keyboard:mykey|ps2_keyboard:key|altsyncram:fifo_rtl_0
 20. altsyncram Parameter Settings by Entity Instance
 21. Port Connectivity Checks: "keyboard:mykey|count:ct|my_hex:h5"
 22. Port Connectivity Checks: "keyboard:mykey|count:ct|my_hex:h4"
 23. Port Connectivity Checks: "keyboard:mykey|ps2_keyboard:key"
 24. Post-Synthesis Netlist Statistics for Top Partition
 25. Elapsed Time Per Partition
 26. Analysis & Synthesis Messages



----------------
; Legal Notice ;
----------------
Copyright (C) 2017  Intel Corporation. All rights reserved.
Your use of Intel Corporation's design tools, logic functions 
and other software and tools, and its AMPP partner logic 
functions, and any output files from any of the foregoing 
(including device programming or simulation files), and any 
associated documentation or information are expressly subject 
to the terms and conditions of the Intel Program License 
Subscription Agreement, the Intel Quartus Prime License Agreement,
the Intel FPGA IP License Agreement, or other applicable license
agreement, including, without limitation, that your use is for
the sole purpose of programming logic devices manufactured by
Intel and sold by Intel or its authorized distributors.  Please
refer to the applicable agreement for further details.



+-------------------------------------------------------------------------------+
; Analysis & Synthesis Summary                                                  ;
+---------------------------------+---------------------------------------------+
; Analysis & Synthesis Status     ; Successful - Thu Dec 05 20:27:11 2019       ;
; Quartus Prime Version           ; 17.1.0 Build 590 10/25/2017 SJ Lite Edition ;
; Revision Name                   ; ep8_2                                       ;
; Top-level Entity Name           ; ep8_2                                       ;
; Family                          ; Cyclone V                                   ;
; Logic utilization (in ALMs)     ; N/A                                         ;
; Total registers                 ; 72                                          ;
; Total pins                      ; 60                                          ;
; Total virtual pins              ; 0                                           ;
; Total block memory bits         ; 2,112                                       ;
; Total DSP Blocks                ; 0                                           ;
; Total HSSI RX PCSs              ; 0                                           ;
; Total HSSI PMA RX Deserializers ; 0                                           ;
; Total HSSI TX PCSs              ; 0                                           ;
; Total HSSI PMA TX Serializers   ; 0                                           ;
; Total PLLs                      ; 0                                           ;
; Total DLLs                      ; 0                                           ;
+---------------------------------+---------------------------------------------+


+---------------------------------------------------------------------------------------------------------------------------+
; Analysis & Synthesis Settings                                                                                             ;
+---------------------------------------------------------------------------------+--------------------+--------------------+
; Option                                                                          ; Setting            ; Default Value      ;
+---------------------------------------------------------------------------------+--------------------+--------------------+
; Device                                                                          ; 5CSXFC6D6F31C6     ;                    ;
; Top-level entity name                                                           ; ep8_2              ; ep8_2              ;
; Family name                                                                     ; Cyclone V          ; Cyclone V          ;
; Use smart compilation                                                           ; Off                ; Off                ;
; Enable parallel Assembler and TimeQuest Timing Analyzer during compilation      ; On                 ; On                 ;
; Enable compact report table                                                     ; Off                ; Off                ;
; Restructure Multiplexers                                                        ; Auto               ; Auto               ;
; MLAB Add Timing Constraints For Mixed-Port Feed-Through Mode Setting Don't Care ; Off                ; Off                ;
; Create Debugging Nodes for IP Cores                                             ; Off                ; Off                ;
; Preserve fewer node names                                                       ; On                 ; On                 ;
; Intel FPGA IP Evaluation Mode                                                   ; Enable             ; Enable             ;
; Verilog Version                                                                 ; Verilog_2001       ; Verilog_2001       ;
; VHDL Version                                                                    ; VHDL_1993          ; VHDL_1993          ;
; State Machine Processing                                                        ; Auto               ; Auto               ;
; Safe State Machine                                                              ; Off                ; Off                ;
; Extract Verilog State Machines                                                  ; On                 ; On                 ;
; Extract VHDL State Machines                                                     ; On                 ; On                 ;
; Ignore Verilog initial constructs                                               ; Off                ; Off                ;
; Iteration limit for constant Verilog loops                                      ; 5000               ; 5000               ;
; Iteration limit for non-constant Verilog loops                                  ; 250                ; 250                ;
; Add Pass-Through Logic to Inferred RAMs                                         ; On                 ; On                 ;
; Infer RAMs from Raw Logic                                                       ; On                 ; On                 ;
; Parallel Synthesis                                                              ; On                 ; On                 ;
; DSP Block Balancing                                                             ; Auto               ; Auto               ;
; NOT Gate Push-Back                                                              ; On                 ; On                 ;
; Power-Up Don't Care                                                             ; On                 ; On                 ;
; Remove Redundant Logic Cells                                                    ; Off                ; Off                ;
; Remove Duplicate Registers                                                      ; On                 ; On                 ;
; Ignore CARRY Buffers                                                            ; Off                ; Off                ;
; Ignore CASCADE Buffers                                                          ; Off                ; Off                ;
; Ignore GLOBAL Buffers                                                           ; Off                ; Off                ;
; Ignore ROW GLOBAL Buffers                                                       ; Off                ; Off                ;
; Ignore LCELL Buffers                                                            ; Off                ; Off                ;
; Ignore SOFT Buffers                                                             ; On                 ; On                 ;
; Limit AHDL Integers to 32 Bits                                                  ; Off                ; Off                ;
; Optimization Technique                                                          ; Balanced           ; Balanced           ;
; Carry Chain Length                                                              ; 70                 ; 70                 ;
; Auto Carry Chains                                                               ; On                 ; On                 ;
; Auto Open-Drain Pins                                                            ; On                 ; On                 ;
; Perform WYSIWYG Primitive Resynthesis                                           ; Off                ; Off                ;
; Auto ROM Replacement                                                            ; On                 ; On                 ;
; Auto RAM Replacement                                                            ; On                 ; On                 ;
; Auto DSP Block Replacement                                                      ; On                 ; On                 ;
; Auto Shift Register Replacement                                                 ; Auto               ; Auto               ;
; Allow Shift Register Merging across Hierarchies                                 ; Auto               ; Auto               ;
; Auto Clock Enable Replacement                                                   ; On                 ; On                 ;
; Strict RAM Replacement                                                          ; Off                ; Off                ;
; Allow Synchronous Control Signals                                               ; On                 ; On                 ;
; Force Use of Synchronous Clear Signals                                          ; Off                ; Off                ;
; Auto Resource Sharing                                                           ; Off                ; Off                ;
; Allow Any RAM Size For Recognition                                              ; Off                ; Off                ;
; Allow Any ROM Size For Recognition                                              ; Off                ; Off                ;
; Allow Any Shift Register Size For Recognition                                   ; Off                ; Off                ;
; Use LogicLock Constraints during Resource Balancing                             ; On                 ; On                 ;
; Ignore translate_off and synthesis_off directives                               ; Off                ; Off                ;
; Timing-Driven Synthesis                                                         ; On                 ; On                 ;
; Report Parameter Settings                                                       ; On                 ; On                 ;
; Report Source Assignments                                                       ; On                 ; On                 ;
; Report Connectivity Checks                                                      ; On                 ; On                 ;
; Ignore Maximum Fan-Out Assignments                                              ; Off                ; Off                ;
; Synchronization Register Chain Length                                           ; 3                  ; 3                  ;
; Power Optimization During Synthesis                                             ; Normal compilation ; Normal compilation ;
; HDL message level                                                               ; Level2             ; Level2             ;
; Suppress Register Optimization Related Messages                                 ; Off                ; Off                ;
; Number of Removed Registers Reported in Synthesis Report                        ; 5000               ; 5000               ;
; Number of Swept Nodes Reported in Synthesis Report                              ; 5000               ; 5000               ;
; Number of Inverted Registers Reported in Synthesis Report                       ; 100                ; 100                ;
; Clock MUX Protection                                                            ; On                 ; On                 ;
; Auto Gated Clock Conversion                                                     ; Off                ; Off                ;
; Block Design Naming                                                             ; Auto               ; Auto               ;
; SDC constraint protection                                                       ; Off                ; Off                ;
; Synthesis Effort                                                                ; Auto               ; Auto               ;
; Shift Register Replacement - Allow Asynchronous Clear Signal                    ; On                 ; On                 ;
; Pre-Mapping Resynthesis Optimization                                            ; Off                ; Off                ;
; Analysis & Synthesis Message Level                                              ; Medium             ; Medium             ;
; Disable Register Merging Across Hierarchies                                     ; Auto               ; Auto               ;
; Resource Aware Inference For Block RAM                                          ; On                 ; On                 ;
; Automatic Parallel Synthesis                                                    ; On                 ; On                 ;
; Partial Reconfiguration Bitstream ID                                            ; Off                ; Off                ;
+---------------------------------------------------------------------------------+--------------------+--------------------+


+------------------------------------------+
; Parallel Compilation                     ;
+----------------------------+-------------+
; Processors                 ; Number      ;
+----------------------------+-------------+
; Number detected on machine ; 12          ;
; Maximum allowed            ; 6           ;
;                            ;             ;
; Average used               ; 1.00        ;
; Maximum used               ; 6           ;
;                            ;             ;
; Usage by Processor         ; % Time Used ;
;     Processor 1            ; 100.0%      ;
;     Processors 2-6         ;   0.0%      ;
+----------------------------+-------------+


+---------------------------------------------------------------------------------------------------------------------------------------------------------------------------------+
; Analysis & Synthesis Source Files Read                                                                                                                                          ;
+----------------------------------+-----------------+----------------------------------------+-------------------------------------------------------------------------+---------+
; File Name with User-Entered Path ; Used in Netlist ; File Type                              ; File Name with Absolute Path                                            ; Library ;
+----------------------------------+-----------------+----------------------------------------+-------------------------------------------------------------------------+---------+
; my_clock.v                       ; yes             ; User Verilog HDL File                  ; F:/FPGA Project/ep8/ep8_2/my_clock.v                                    ;         ;
; keyboard.v                       ; yes             ; User Verilog HDL File                  ; F:/FPGA Project/ep8/ep8_2/keyboard.v                                    ;         ;
; code1.mif                        ; yes             ; User Memory Initialization File        ; F:/FPGA Project/ep8/ep8_2/code1.mif                                     ;         ;
; ASCII.v                          ; yes             ; User Verilog HDL File                  ; F:/FPGA Project/ep8/ep8_2/ASCII.v                                       ;         ;
; ROM1.v                           ; yes             ; User Wizard-Generated File             ; F:/FPGA Project/ep8/ep8_2/ROM1.v                                        ;         ;
; ROM2.v                           ; yes             ; User Wizard-Generated File             ; F:/FPGA Project/ep8/ep8_2/ROM2.v                                        ;         ;
; count.v                          ; yes             ; User Verilog HDL File                  ; F:/FPGA Project/ep8/ep8_2/count.v                                       ;         ;
; code.v                           ; yes             ; User Verilog HDL File                  ; F:/FPGA Project/ep8/ep8_2/code.v                                        ;         ;
; ep8_2.v                          ; yes             ; Auto-Found Verilog HDL File            ; F:/FPGA Project/ep8/ep8_2/ep8_2.v                                       ;         ;
; ps2_keyboard.v                   ; yes             ; Auto-Found Verilog HDL File            ; F:/FPGA Project/ep8/ep8_2/ps2_keyboard.v                                ;         ;
; altsyncram.tdf                   ; yes             ; Megafunction                           ; f:/intelfpga_lite/quartus/libraries/megafunctions/altsyncram.tdf        ;         ;
; stratix_ram_block.inc            ; yes             ; Megafunction                           ; f:/intelfpga_lite/quartus/libraries/megafunctions/stratix_ram_block.inc ;         ;
; lpm_mux.inc                      ; yes             ; Megafunction                           ; f:/intelfpga_lite/quartus/libraries/megafunctions/lpm_mux.inc           ;         ;
; lpm_decode.inc                   ; yes             ; Megafunction                           ; f:/intelfpga_lite/quartus/libraries/megafunctions/lpm_decode.inc        ;         ;
; aglobal171.inc                   ; yes             ; Megafunction                           ; f:/intelfpga_lite/quartus/libraries/megafunctions/aglobal171.inc        ;         ;
; a_rdenreg.inc                    ; yes             ; Megafunction                           ; f:/intelfpga_lite/quartus/libraries/megafunctions/a_rdenreg.inc         ;         ;
; altrom.inc                       ; yes             ; Megafunction                           ; f:/intelfpga_lite/quartus/libraries/megafunctions/altrom.inc            ;         ;
; altram.inc                       ; yes             ; Megafunction                           ; f:/intelfpga_lite/quartus/libraries/megafunctions/altram.inc            ;         ;
; altdpram.inc                     ; yes             ; Megafunction                           ; f:/intelfpga_lite/quartus/libraries/megafunctions/altdpram.inc          ;         ;
; db/altsyncram_q8f1.tdf           ; yes             ; Auto-Generated Megafunction            ; F:/FPGA Project/ep8/ep8_2/db/altsyncram_q8f1.tdf                        ;         ;
; db/altsyncram_r8f1.tdf           ; yes             ; Auto-Generated Megafunction            ; F:/FPGA Project/ep8/ep8_2/db/altsyncram_r8f1.tdf                        ;         ;
; code2.mif                        ; yes             ; Auto-Found Memory Initialization File  ; F:/FPGA Project/ep8/ep8_2/code2.mif                                     ;         ;
; my_hex.v                         ; yes             ; Auto-Found Verilog HDL File            ; F:/FPGA Project/ep8/ep8_2/my_hex.v                                      ;         ;
; db/altsyncram_lsj1.tdf           ; yes             ; Auto-Generated Megafunction            ; F:/FPGA Project/ep8/ep8_2/db/altsyncram_lsj1.tdf                        ;         ;
+----------------------------------+-----------------+----------------------------------------+-------------------------------------------------------------------------+---------+


+--------------------------------------------------------------+
; Analysis & Synthesis Resource Usage Summary                  ;
+---------------------------------------------+----------------+
; Resource                                    ; Usage          ;
+---------------------------------------------+----------------+
; Estimate of Logic utilization (ALMs needed) ; 110            ;
;                                             ;                ;
; Combinational ALUT usage for logic          ; 178            ;
;     -- 7 input functions                    ; 0              ;
;     -- 6 input functions                    ; 40             ;
;     -- 5 input functions                    ; 25             ;
;     -- 4 input functions                    ; 61             ;
;     -- <=3 input functions                  ; 52             ;
;                                             ;                ;
; Dedicated logic registers                   ; 72             ;
;                                             ;                ;
; I/O pins                                    ; 60             ;
; Total MLAB memory bits                      ; 0              ;
; Total block memory bits                     ; 2112           ;
;                                             ;                ;
; Total DSP Blocks                            ; 0              ;
;                                             ;                ;
; Maximum fan-out node                        ; CLOCK_50~input ;
; Maximum fan-out                             ; 71             ;
; Total fan-out                               ; 1221           ;
; Average fan-out                             ; 3.07           ;
+---------------------------------------------+----------------+


+---------------------------------------------------------------------------------------------------------------------------------------------------------------------------------------------------------------------------------------------------------------------------------------+
; Analysis & Synthesis Resource Utilization by Entity                                                                                                                                                                                                                                   ;
+----------------------------------------------+---------------------+---------------------------+-------------------+------------+------+--------------+----------------------------------------------------------------------------------------------+-----------------+--------------+
; Compilation Hierarchy Node                   ; Combinational ALUTs ; Dedicated Logic Registers ; Block Memory Bits ; DSP Blocks ; Pins ; Virtual Pins ; Full Hierarchy Name                                                                          ; Entity Name     ; Library Name ;
+----------------------------------------------+---------------------+---------------------------+-------------------+------------+------+--------------+----------------------------------------------------------------------------------------------+-----------------+--------------+
; |ep8_2                                       ; 178 (0)             ; 72 (0)                    ; 2112              ; 0          ; 60   ; 0            ; |ep8_2                                                                                       ; ep8_2           ; work         ;
;    |keyboard:mykey|                          ; 178 (35)            ; 72 (25)                   ; 2112              ; 0          ; 0    ; 0            ; |ep8_2|keyboard:mykey                                                                        ; keyboard        ; work         ;
;       |ASCII:ascii|                          ; 44 (16)             ; 0 (0)                     ; 0                 ; 0          ; 0    ; 0            ; |ep8_2|keyboard:mykey|ASCII:ascii                                                            ; ASCII           ; work         ;
;          |my_hex:h2|                         ; 14 (14)             ; 0 (0)                     ; 0                 ; 0          ; 0    ; 0            ; |ep8_2|keyboard:mykey|ASCII:ascii|my_hex:h2                                                  ; my_hex          ; work         ;
;          |my_hex:h3|                         ; 14 (14)             ; 0 (0)                     ; 0                 ; 0          ; 0    ; 0            ; |ep8_2|keyboard:mykey|ASCII:ascii|my_hex:h3                                                  ; my_hex          ; work         ;
;       |ROM1:r1|                              ; 0 (0)               ; 0 (0)                     ; 1024              ; 0          ; 0    ; 0            ; |ep8_2|keyboard:mykey|ROM1:r1                                                                ; ROM1            ; work         ;
;          |altsyncram:altsyncram_component|   ; 0 (0)               ; 0 (0)                     ; 1024              ; 0          ; 0    ; 0            ; |ep8_2|keyboard:mykey|ROM1:r1|altsyncram:altsyncram_component                                ; altsyncram      ; work         ;
;             |altsyncram_q8f1:auto_generated| ; 0 (0)               ; 0 (0)                     ; 1024              ; 0          ; 0    ; 0            ; |ep8_2|keyboard:mykey|ROM1:r1|altsyncram:altsyncram_component|altsyncram_q8f1:auto_generated ; altsyncram_q8f1 ; work         ;
;       |ROM2:r2|                              ; 0 (0)               ; 0 (0)                     ; 1024              ; 0          ; 0    ; 0            ; |ep8_2|keyboard:mykey|ROM2:r2                                                                ; ROM2            ; work         ;
;          |altsyncram:altsyncram_component|   ; 0 (0)               ; 0 (0)                     ; 1024              ; 0          ; 0    ; 0            ; |ep8_2|keyboard:mykey|ROM2:r2|altsyncram:altsyncram_component                                ; altsyncram      ; work         ;
;             |altsyncram_r8f1:auto_generated| ; 0 (0)               ; 0 (0)                     ; 1024              ; 0          ; 0    ; 0            ; |ep8_2|keyboard:mykey|ROM2:r2|altsyncram:altsyncram_component|altsyncram_r8f1:auto_generated ; altsyncram_r8f1 ; work         ;
;       |code:co|                              ; 23 (2)              ; 0 (0)                     ; 0                 ; 0          ; 0    ; 0            ; |ep8_2|keyboard:mykey|code:co                                                                ; code            ; work         ;
;          |my_hex:h0|                         ; 14 (14)             ; 0 (0)                     ; 0                 ; 0          ; 0    ; 0            ; |ep8_2|keyboard:mykey|code:co|my_hex:h0                                                      ; my_hex          ; work         ;
;          |my_hex:h1|                         ; 7 (7)               ; 0 (0)                     ; 0                 ; 0          ; 0    ; 0            ; |ep8_2|keyboard:mykey|code:co|my_hex:h1                                                      ; my_hex          ; work         ;
;       |count:ct|                             ; 14 (0)              ; 0 (0)                     ; 0                 ; 0          ; 0    ; 0            ; |ep8_2|keyboard:mykey|count:ct                                                               ; count           ; work         ;
;          |my_hex:h4|                         ; 7 (7)               ; 0 (0)                     ; 0                 ; 0          ; 0    ; 0            ; |ep8_2|keyboard:mykey|count:ct|my_hex:h4                                                     ; my_hex          ; work         ;
;          |my_hex:h5|                         ; 7 (7)               ; 0 (0)                     ; 0                 ; 0          ; 0    ; 0            ; |ep8_2|keyboard:mykey|count:ct|my_hex:h5                                                     ; my_hex          ; work         ;
;       |my_clock:mycl|                        ; 13 (13)             ; 8 (8)                     ; 0                 ; 0          ; 0    ; 0            ; |ep8_2|keyboard:mykey|my_clock:mycl                                                          ; my_clock        ; work         ;
;       |ps2_keyboard:key|                     ; 49 (49)             ; 39 (39)                   ; 64                ; 0          ; 0    ; 0            ; |ep8_2|keyboard:mykey|ps2_keyboard:key                                                       ; ps2_keyboard    ; work         ;
;          |altsyncram:fifo_rtl_0|             ; 0 (0)               ; 0 (0)                     ; 64                ; 0          ; 0    ; 0            ; |ep8_2|keyboard:mykey|ps2_keyboard:key|altsyncram:fifo_rtl_0                                 ; altsyncram      ; work         ;
;             |altsyncram_lsj1:auto_generated| ; 0 (0)               ; 0 (0)                     ; 64                ; 0          ; 0    ; 0            ; |ep8_2|keyboard:mykey|ps2_keyboard:key|altsyncram:fifo_rtl_0|altsyncram_lsj1:auto_generated  ; altsyncram_lsj1 ; work         ;
+----------------------------------------------+---------------------+---------------------------+-------------------+------------+------+--------------+----------------------------------------------------------------------------------------------+-----------------+--------------+
Note: For table entries with two numbers listed, the numbers in parentheses indicate the number of resources of the given type used by the specific entity alone. The numbers listed outside of parentheses indicate the total resources of the given type used by the specific entity and all of its sub-entities in the hierarchy.


+-----------------------------------------------------------------------------------------------------------------------------------------------------------------------------------------------------------+
; Analysis & Synthesis RAM Summary                                                                                                                                                                          ;
+--------------------------------------------------------------------------------------------------+------+------------------+--------------+--------------+--------------+--------------+------+-----------+
; Name                                                                                             ; Type ; Mode             ; Port A Depth ; Port A Width ; Port B Depth ; Port B Width ; Size ; MIF       ;
+--------------------------------------------------------------------------------------------------+------+------------------+--------------+--------------+--------------+--------------+------+-----------+
; keyboard:mykey|ROM1:r1|altsyncram:altsyncram_component|altsyncram_q8f1:auto_generated|ALTSYNCRAM ; AUTO ; ROM              ; 128          ; 8            ; --           ; --           ; 1024 ; code1.mif ;
; keyboard:mykey|ROM2:r2|altsyncram:altsyncram_component|altsyncram_r8f1:auto_generated|ALTSYNCRAM ; AUTO ; ROM              ; 128          ; 8            ; --           ; --           ; 1024 ; code2.mif ;
; keyboard:mykey|ps2_keyboard:key|altsyncram:fifo_rtl_0|altsyncram_lsj1:auto_generated|ALTSYNCRAM  ; AUTO ; Simple Dual Port ; 8            ; 8            ; 8            ; 8            ; 64   ; None      ;
+--------------------------------------------------------------------------------------------------+------+------------------+--------------+--------------+--------------+--------------+------+-----------+


+-----------------------------------------------------------------------------------------------------------------+
; Analysis & Synthesis IP Cores Summary                                                                           ;
+--------+--------------+---------+--------------+--------------+-------------------------------+-----------------+
; Vendor ; IP Core Name ; Version ; Release Date ; License Type ; Entity Instance               ; IP Include File ;
+--------+--------------+---------+--------------+--------------+-------------------------------+-----------------+
; Altera ; ROM: 1-PORT  ; 17.1    ; N/A          ; N/A          ; |ep8_2|keyboard:mykey|ROM1:r1 ; ROM1.v          ;
; Altera ; ROM: 1-PORT  ; 17.1    ; N/A          ; N/A          ; |ep8_2|keyboard:mykey|ROM2:r2 ; ROM2.v          ;
+--------+--------------+---------+--------------+--------------+-------------------------------+-----------------+


+-------------------------------------------------------------------------------------------------------------+
; User-Specified and Inferred Latches                                                                         ;
+----------------------------------------------------+-------------------------------+------------------------+
; Latch Name                                         ; Latch Enable Signal           ; Free of Timing Hazards ;
+----------------------------------------------------+-------------------------------+------------------------+
; keyboard:mykey|ASCII:ascii|ascii[0]                ; keyboard:mykey|ASCII:ascii|en ; yes                    ;
; keyboard:mykey|ASCII:ascii|ascii[1]                ; keyboard:mykey|ASCII:ascii|en ; yes                    ;
; keyboard:mykey|ASCII:ascii|ascii[2]                ; keyboard:mykey|ASCII:ascii|en ; yes                    ;
; keyboard:mykey|ASCII:ascii|ascii[3]                ; keyboard:mykey|ASCII:ascii|en ; yes                    ;
; keyboard:mykey|ASCII:ascii|ascii[4]                ; keyboard:mykey|ASCII:ascii|en ; yes                    ;
; keyboard:mykey|ASCII:ascii|ascii[5]                ; keyboard:mykey|ASCII:ascii|en ; yes                    ;
; keyboard:mykey|ASCII:ascii|ascii[6]                ; keyboard:mykey|ASCII:ascii|en ; yes                    ;
; keyboard:mykey|ASCII:ascii|ascii[7]                ; keyboard:mykey|ASCII:ascii|en ; yes                    ;
; Number of user-specified and inferred latches = 8  ;                               ;                        ;
+----------------------------------------------------+-------------------------------+------------------------+
Note: All latches listed above may not be present at the end of synthesis due to various synthesis optimizations.


+------------------------------------------------------+
; General Register Statistics                          ;
+----------------------------------------------+-------+
; Statistic                                    ; Value ;
+----------------------------------------------+-------+
; Total registers                              ; 72    ;
; Number of registers using Synchronous Clear  ; 0     ;
; Number of registers using Synchronous Load   ; 0     ;
; Number of registers using Asynchronous Clear ; 0     ;
; Number of registers using Asynchronous Load  ; 0     ;
; Number of registers using Clock Enable       ; 29    ;
; Number of registers using Preset             ; 0     ;
+----------------------------------------------+-------+


+--------------------------------------------------+
; Inverted Register Statistics                     ;
+----------------------------------------+---------+
; Inverted Register                      ; Fan out ;
+----------------------------------------+---------+
; keyboard:mykey|pre                     ; 37      ;
; keyboard:mykey|ps2_keyboard:key|ready  ; 12      ;
; keyboard:mykey|nextdata_n              ; 2       ;
; Total number of inverted registers = 3 ;         ;
+----------------------------------------+---------+


+----------------------------------------------------------------------------------------------------+
; Registers Added for RAM Pass-Through Logic                                                         ;
+-------------------------------------------------------+--------------------------------------------+
; Register Name                                         ; RAM Name                                   ;
+-------------------------------------------------------+--------------------------------------------+
; keyboard:mykey|ps2_keyboard:key|fifo_rtl_0_bypass[0]  ; keyboard:mykey|ps2_keyboard:key|fifo_rtl_0 ;
; keyboard:mykey|ps2_keyboard:key|fifo_rtl_0_bypass[1]  ; keyboard:mykey|ps2_keyboard:key|fifo_rtl_0 ;
; keyboard:mykey|ps2_keyboard:key|fifo_rtl_0_bypass[2]  ; keyboard:mykey|ps2_keyboard:key|fifo_rtl_0 ;
; keyboard:mykey|ps2_keyboard:key|fifo_rtl_0_bypass[3]  ; keyboard:mykey|ps2_keyboard:key|fifo_rtl_0 ;
; keyboard:mykey|ps2_keyboard:key|fifo_rtl_0_bypass[4]  ; keyboard:mykey|ps2_keyboard:key|fifo_rtl_0 ;
; keyboard:mykey|ps2_keyboard:key|fifo_rtl_0_bypass[5]  ; keyboard:mykey|ps2_keyboard:key|fifo_rtl_0 ;
; keyboard:mykey|ps2_keyboard:key|fifo_rtl_0_bypass[6]  ; keyboard:mykey|ps2_keyboard:key|fifo_rtl_0 ;
; keyboard:mykey|ps2_keyboard:key|fifo_rtl_0_bypass[7]  ; keyboard:mykey|ps2_keyboard:key|fifo_rtl_0 ;
; keyboard:mykey|ps2_keyboard:key|fifo_rtl_0_bypass[8]  ; keyboard:mykey|ps2_keyboard:key|fifo_rtl_0 ;
; keyboard:mykey|ps2_keyboard:key|fifo_rtl_0_bypass[9]  ; keyboard:mykey|ps2_keyboard:key|fifo_rtl_0 ;
; keyboard:mykey|ps2_keyboard:key|fifo_rtl_0_bypass[10] ; keyboard:mykey|ps2_keyboard:key|fifo_rtl_0 ;
; keyboard:mykey|ps2_keyboard:key|fifo_rtl_0_bypass[11] ; keyboard:mykey|ps2_keyboard:key|fifo_rtl_0 ;
; keyboard:mykey|ps2_keyboard:key|fifo_rtl_0_bypass[12] ; keyboard:mykey|ps2_keyboard:key|fifo_rtl_0 ;
; keyboard:mykey|ps2_keyboard:key|fifo_rtl_0_bypass[13] ; keyboard:mykey|ps2_keyboard:key|fifo_rtl_0 ;
; keyboard:mykey|ps2_keyboard:key|fifo_rtl_0_bypass[14] ; keyboard:mykey|ps2_keyboard:key|fifo_rtl_0 ;
+-------------------------------------------------------+--------------------------------------------+


+--------------------------------------------------------------------------------------------------------------+
; Source assignments for keyboard:mykey|ROM1:r1|altsyncram:altsyncram_component|altsyncram_q8f1:auto_generated ;
+---------------------------------+--------------------+------+------------------------------------------------+
; Assignment                      ; Value              ; From ; To                                             ;
+---------------------------------+--------------------+------+------------------------------------------------+
; OPTIMIZE_POWER_DURING_SYNTHESIS ; NORMAL_COMPILATION ; -    ; -                                              ;
+---------------------------------+--------------------+------+------------------------------------------------+


+--------------------------------------------------------------------------------------------------------------+
; Source assignments for keyboard:mykey|ROM2:r2|altsyncram:altsyncram_component|altsyncram_r8f1:auto_generated ;
+---------------------------------+--------------------+------+------------------------------------------------+
; Assignment                      ; Value              ; From ; To                                             ;
+---------------------------------+--------------------+------+------------------------------------------------+
; OPTIMIZE_POWER_DURING_SYNTHESIS ; NORMAL_COMPILATION ; -    ; -                                              ;
+---------------------------------+--------------------+------+------------------------------------------------+


+-------------------------------------------------------------------------------------------------------------+
; Source assignments for keyboard:mykey|ps2_keyboard:key|altsyncram:fifo_rtl_0|altsyncram_lsj1:auto_generated ;
+---------------------------------+--------------------+------+-----------------------------------------------+
; Assignment                      ; Value              ; From ; To                                            ;
+---------------------------------+--------------------+------+-----------------------------------------------+
; OPTIMIZE_POWER_DURING_SYNTHESIS ; NORMAL_COMPILATION ; -    ; -                                             ;
+---------------------------------+--------------------+------+-----------------------------------------------+


+-----------------------------------------------------------------------------------------------------+
; Parameter Settings for User Entity Instance: keyboard:mykey|ROM1:r1|altsyncram:altsyncram_component ;
+------------------------------------+----------------------+-----------------------------------------+
; Parameter Name                     ; Value                ; Type                                    ;
+------------------------------------+----------------------+-----------------------------------------+
; BYTE_SIZE_BLOCK                    ; 8                    ; Untyped                                 ;
; AUTO_CARRY_CHAINS                  ; ON                   ; AUTO_CARRY                              ;
; IGNORE_CARRY_BUFFERS               ; OFF                  ; IGNORE_CARRY                            ;
; AUTO_CASCADE_CHAINS                ; ON                   ; AUTO_CASCADE                            ;
; IGNORE_CASCADE_BUFFERS             ; OFF                  ; IGNORE_CASCADE                          ;
; WIDTH_BYTEENA                      ; 1                    ; Untyped                                 ;
; OPERATION_MODE                     ; ROM                  ; Untyped                                 ;
; WIDTH_A                            ; 8                    ; Signed Integer                          ;
; WIDTHAD_A                          ; 8                    ; Signed Integer                          ;
; NUMWORDS_A                         ; 128                  ; Signed Integer                          ;
; OUTDATA_REG_A                      ; CLOCK0               ; Untyped                                 ;
; ADDRESS_ACLR_A                     ; NONE                 ; Untyped                                 ;
; OUTDATA_ACLR_A                     ; NONE                 ; Untyped                                 ;
; WRCONTROL_ACLR_A                   ; NONE                 ; Untyped                                 ;
; INDATA_ACLR_A                      ; NONE                 ; Untyped                                 ;
; BYTEENA_ACLR_A                     ; NONE                 ; Untyped                                 ;
; WIDTH_B                            ; 1                    ; Untyped                                 ;
; WIDTHAD_B                          ; 1                    ; Untyped                                 ;
; NUMWORDS_B                         ; 1                    ; Untyped                                 ;
; INDATA_REG_B                       ; CLOCK1               ; Untyped                                 ;
; WRCONTROL_WRADDRESS_REG_B          ; CLOCK1               ; Untyped                                 ;
; RDCONTROL_REG_B                    ; CLOCK1               ; Untyped                                 ;
; ADDRESS_REG_B                      ; CLOCK1               ; Untyped                                 ;
; OUTDATA_REG_B                      ; UNREGISTERED         ; Untyped                                 ;
; BYTEENA_REG_B                      ; CLOCK1               ; Untyped                                 ;
; INDATA_ACLR_B                      ; NONE                 ; Untyped                                 ;
; WRCONTROL_ACLR_B                   ; NONE                 ; Untyped                                 ;
; ADDRESS_ACLR_B                     ; NONE                 ; Untyped                                 ;
; OUTDATA_ACLR_B                     ; NONE                 ; Untyped                                 ;
; RDCONTROL_ACLR_B                   ; NONE                 ; Untyped                                 ;
; BYTEENA_ACLR_B                     ; NONE                 ; Untyped                                 ;
; WIDTH_BYTEENA_A                    ; 1                    ; Signed Integer                          ;
; WIDTH_BYTEENA_B                    ; 1                    ; Untyped                                 ;
; RAM_BLOCK_TYPE                     ; AUTO                 ; Untyped                                 ;
; BYTE_SIZE                          ; 8                    ; Untyped                                 ;
; READ_DURING_WRITE_MODE_MIXED_PORTS ; DONT_CARE            ; Untyped                                 ;
; READ_DURING_WRITE_MODE_PORT_A      ; NEW_DATA_NO_NBE_READ ; Untyped                                 ;
; READ_DURING_WRITE_MODE_PORT_B      ; NEW_DATA_NO_NBE_READ ; Untyped                                 ;
; INIT_FILE                          ; code1.mif            ; Untyped                                 ;
; INIT_FILE_LAYOUT                   ; PORT_A               ; Untyped                                 ;
; MAXIMUM_DEPTH                      ; 0                    ; Untyped                                 ;
; CLOCK_ENABLE_INPUT_A               ; BYPASS               ; Untyped                                 ;
; CLOCK_ENABLE_INPUT_B               ; NORMAL               ; Untyped                                 ;
; CLOCK_ENABLE_OUTPUT_A              ; BYPASS               ; Untyped                                 ;
; CLOCK_ENABLE_OUTPUT_B              ; NORMAL               ; Untyped                                 ;
; CLOCK_ENABLE_CORE_A                ; USE_INPUT_CLKEN      ; Untyped                                 ;
; CLOCK_ENABLE_CORE_B                ; USE_INPUT_CLKEN      ; Untyped                                 ;
; ENABLE_ECC                         ; FALSE                ; Untyped                                 ;
; ECC_PIPELINE_STAGE_ENABLED         ; FALSE                ; Untyped                                 ;
; WIDTH_ECCSTATUS                    ; 3                    ; Untyped                                 ;
; DEVICE_FAMILY                      ; Cyclone V            ; Untyped                                 ;
; CBXI_PARAMETER                     ; altsyncram_q8f1      ; Untyped                                 ;
+------------------------------------+----------------------+-----------------------------------------+
Note: In order to hide this table in the UI and the text report file, please set the "Show Parameter Settings in Synthesis Report" option in "Analysis and Synthesis Settings -> More Settings" to "Off".


+-----------------------------------------------------------------------------------------------------+
; Parameter Settings for User Entity Instance: keyboard:mykey|ROM2:r2|altsyncram:altsyncram_component ;
+------------------------------------+----------------------+-----------------------------------------+
; Parameter Name                     ; Value                ; Type                                    ;
+------------------------------------+----------------------+-----------------------------------------+
; BYTE_SIZE_BLOCK                    ; 8                    ; Untyped                                 ;
; AUTO_CARRY_CHAINS                  ; ON                   ; AUTO_CARRY                              ;
; IGNORE_CARRY_BUFFERS               ; OFF                  ; IGNORE_CARRY                            ;
; AUTO_CASCADE_CHAINS                ; ON                   ; AUTO_CASCADE                            ;
; IGNORE_CASCADE_BUFFERS             ; OFF                  ; IGNORE_CASCADE                          ;
; WIDTH_BYTEENA                      ; 1                    ; Untyped                                 ;
; OPERATION_MODE                     ; ROM                  ; Untyped                                 ;
; WIDTH_A                            ; 8                    ; Signed Integer                          ;
; WIDTHAD_A                          ; 8                    ; Signed Integer                          ;
; NUMWORDS_A                         ; 128                  ; Signed Integer                          ;
; OUTDATA_REG_A                      ; CLOCK0               ; Untyped                                 ;
; ADDRESS_ACLR_A                     ; NONE                 ; Untyped                                 ;
; OUTDATA_ACLR_A                     ; NONE                 ; Untyped                                 ;
; WRCONTROL_ACLR_A                   ; NONE                 ; Untyped                                 ;
; INDATA_ACLR_A                      ; NONE                 ; Untyped                                 ;
; BYTEENA_ACLR_A                     ; NONE                 ; Untyped                                 ;
; WIDTH_B                            ; 1                    ; Untyped                                 ;
; WIDTHAD_B                          ; 1                    ; Untyped                                 ;
; NUMWORDS_B                         ; 1                    ; Untyped                                 ;
; INDATA_REG_B                       ; CLOCK1               ; Untyped                                 ;
; WRCONTROL_WRADDRESS_REG_B          ; CLOCK1               ; Untyped                                 ;
; RDCONTROL_REG_B                    ; CLOCK1               ; Untyped                                 ;
; ADDRESS_REG_B                      ; CLOCK1               ; Untyped                                 ;
; OUTDATA_REG_B                      ; UNREGISTERED         ; Untyped                                 ;
; BYTEENA_REG_B                      ; CLOCK1               ; Untyped                                 ;
; INDATA_ACLR_B                      ; NONE                 ; Untyped                                 ;
; WRCONTROL_ACLR_B                   ; NONE                 ; Untyped                                 ;
; ADDRESS_ACLR_B                     ; NONE                 ; Untyped                                 ;
; OUTDATA_ACLR_B                     ; NONE                 ; Untyped                                 ;
; RDCONTROL_ACLR_B                   ; NONE                 ; Untyped                                 ;
; BYTEENA_ACLR_B                     ; NONE                 ; Untyped                                 ;
; WIDTH_BYTEENA_A                    ; 1                    ; Signed Integer                          ;
; WIDTH_BYTEENA_B                    ; 1                    ; Untyped                                 ;
; RAM_BLOCK_TYPE                     ; AUTO                 ; Untyped                                 ;
; BYTE_SIZE                          ; 8                    ; Untyped                                 ;
; READ_DURING_WRITE_MODE_MIXED_PORTS ; DONT_CARE            ; Untyped                                 ;
; READ_DURING_WRITE_MODE_PORT_A      ; NEW_DATA_NO_NBE_READ ; Untyped                                 ;
; READ_DURING_WRITE_MODE_PORT_B      ; NEW_DATA_NO_NBE_READ ; Untyped                                 ;
; INIT_FILE                          ; code2.mif            ; Untyped                                 ;
; INIT_FILE_LAYOUT                   ; PORT_A               ; Untyped                                 ;
; MAXIMUM_DEPTH                      ; 0                    ; Untyped                                 ;
; CLOCK_ENABLE_INPUT_A               ; BYPASS               ; Untyped                                 ;
; CLOCK_ENABLE_INPUT_B               ; NORMAL               ; Untyped                                 ;
; CLOCK_ENABLE_OUTPUT_A              ; BYPASS               ; Untyped                                 ;
; CLOCK_ENABLE_OUTPUT_B              ; NORMAL               ; Untyped                                 ;
; CLOCK_ENABLE_CORE_A                ; USE_INPUT_CLKEN      ; Untyped                                 ;
; CLOCK_ENABLE_CORE_B                ; USE_INPUT_CLKEN      ; Untyped                                 ;
; ENABLE_ECC                         ; FALSE                ; Untyped                                 ;
; ECC_PIPELINE_STAGE_ENABLED         ; FALSE                ; Untyped                                 ;
; WIDTH_ECCSTATUS                    ; 3                    ; Untyped                                 ;
; DEVICE_FAMILY                      ; Cyclone V            ; Untyped                                 ;
; CBXI_PARAMETER                     ; altsyncram_r8f1      ; Untyped                                 ;
+------------------------------------+----------------------+-----------------------------------------+
Note: In order to hide this table in the UI and the text report file, please set the "Show Parameter Settings in Synthesis Report" option in "Analysis and Synthesis Settings -> More Settings" to "Off".


+--------------------------------------------------------------------------------------------------------+
; Parameter Settings for Inferred Entity Instance: keyboard:mykey|ps2_keyboard:key|altsyncram:fifo_rtl_0 ;
+------------------------------------+----------------------+--------------------------------------------+
; Parameter Name                     ; Value                ; Type                                       ;
+------------------------------------+----------------------+--------------------------------------------+
; BYTE_SIZE_BLOCK                    ; 8                    ; Untyped                                    ;
; AUTO_CARRY_CHAINS                  ; ON                   ; AUTO_CARRY                                 ;
; IGNORE_CARRY_BUFFERS               ; OFF                  ; IGNORE_CARRY                               ;
; AUTO_CASCADE_CHAINS                ; ON                   ; AUTO_CASCADE                               ;
; IGNORE_CASCADE_BUFFERS             ; OFF                  ; IGNORE_CASCADE                             ;
; WIDTH_BYTEENA                      ; 1                    ; Untyped                                    ;
; OPERATION_MODE                     ; DUAL_PORT            ; Untyped                                    ;
; WIDTH_A                            ; 8                    ; Untyped                                    ;
; WIDTHAD_A                          ; 3                    ; Untyped                                    ;
; NUMWORDS_A                         ; 8                    ; Untyped                                    ;
; OUTDATA_REG_A                      ; UNREGISTERED         ; Untyped                                    ;
; ADDRESS_ACLR_A                     ; NONE                 ; Untyped                                    ;
; OUTDATA_ACLR_A                     ; NONE                 ; Untyped                                    ;
; WRCONTROL_ACLR_A                   ; NONE                 ; Untyped                                    ;
; INDATA_ACLR_A                      ; NONE                 ; Untyped                                    ;
; BYTEENA_ACLR_A                     ; NONE                 ; Untyped                                    ;
; WIDTH_B                            ; 8                    ; Untyped                                    ;
; WIDTHAD_B                          ; 3                    ; Untyped                                    ;
; NUMWORDS_B                         ; 8                    ; Untyped                                    ;
; INDATA_REG_B                       ; CLOCK1               ; Untyped                                    ;
; WRCONTROL_WRADDRESS_REG_B          ; CLOCK1               ; Untyped                                    ;
; RDCONTROL_REG_B                    ; CLOCK1               ; Untyped                                    ;
; ADDRESS_REG_B                      ; CLOCK0               ; Untyped                                    ;
; OUTDATA_REG_B                      ; UNREGISTERED         ; Untyped                                    ;
; BYTEENA_REG_B                      ; CLOCK1               ; Untyped                                    ;
; INDATA_ACLR_B                      ; NONE                 ; Untyped                                    ;
; WRCONTROL_ACLR_B                   ; NONE                 ; Untyped                                    ;
; ADDRESS_ACLR_B                     ; NONE                 ; Untyped                                    ;
; OUTDATA_ACLR_B                     ; NONE                 ; Untyped                                    ;
; RDCONTROL_ACLR_B                   ; NONE                 ; Untyped                                    ;
; BYTEENA_ACLR_B                     ; NONE                 ; Untyped                                    ;
; WIDTH_BYTEENA_A                    ; 1                    ; Untyped                                    ;
; WIDTH_BYTEENA_B                    ; 1                    ; Untyped                                    ;
; RAM_BLOCK_TYPE                     ; AUTO                 ; Untyped                                    ;
; BYTE_SIZE                          ; 8                    ; Untyped                                    ;
; READ_DURING_WRITE_MODE_MIXED_PORTS ; DONT_CARE            ; Untyped                                    ;
; READ_DURING_WRITE_MODE_PORT_A      ; NEW_DATA_NO_NBE_READ ; Untyped                                    ;
; READ_DURING_WRITE_MODE_PORT_B      ; NEW_DATA_NO_NBE_READ ; Untyped                                    ;
; INIT_FILE                          ; UNUSED               ; Untyped                                    ;
; INIT_FILE_LAYOUT                   ; PORT_A               ; Untyped                                    ;
; MAXIMUM_DEPTH                      ; 0                    ; Untyped                                    ;
; CLOCK_ENABLE_INPUT_A               ; NORMAL               ; Untyped                                    ;
; CLOCK_ENABLE_INPUT_B               ; NORMAL               ; Untyped                                    ;
; CLOCK_ENABLE_OUTPUT_A              ; NORMAL               ; Untyped                                    ;
; CLOCK_ENABLE_OUTPUT_B              ; NORMAL               ; Untyped                                    ;
; CLOCK_ENABLE_CORE_A                ; USE_INPUT_CLKEN      ; Untyped                                    ;
; CLOCK_ENABLE_CORE_B                ; USE_INPUT_CLKEN      ; Untyped                                    ;
; ENABLE_ECC                         ; FALSE                ; Untyped                                    ;
; ECC_PIPELINE_STAGE_ENABLED         ; FALSE                ; Untyped                                    ;
; WIDTH_ECCSTATUS                    ; 3                    ; Untyped                                    ;
; DEVICE_FAMILY                      ; Cyclone V            ; Untyped                                    ;
; CBXI_PARAMETER                     ; altsyncram_lsj1      ; Untyped                                    ;
+------------------------------------+----------------------+--------------------------------------------+
Note: In order to hide this table in the UI and the text report file, please set the "Show Parameter Settings in Synthesis Report" option in "Analysis and Synthesis Settings -> More Settings" to "Off".


+----------------------------------------------------------------------------------------------------+
; altsyncram Parameter Settings by Entity Instance                                                   ;
+-------------------------------------------+--------------------------------------------------------+
; Name                                      ; Value                                                  ;
+-------------------------------------------+--------------------------------------------------------+
; Number of entity instances                ; 3                                                      ;
; Entity Instance                           ; keyboard:mykey|ROM1:r1|altsyncram:altsyncram_component ;
;     -- OPERATION_MODE                     ; ROM                                                    ;
;     -- WIDTH_A                            ; 8                                                      ;
;     -- NUMWORDS_A                         ; 128                                                    ;
;     -- OUTDATA_REG_A                      ; CLOCK0                                                 ;
;     -- WIDTH_B                            ; 1                                                      ;
;     -- NUMWORDS_B                         ; 1                                                      ;
;     -- ADDRESS_REG_B                      ; CLOCK1                                                 ;
;     -- OUTDATA_REG_B                      ; UNREGISTERED                                           ;
;     -- RAM_BLOCK_TYPE                     ; AUTO                                                   ;
;     -- READ_DURING_WRITE_MODE_MIXED_PORTS ; DONT_CARE                                              ;
; Entity Instance                           ; keyboard:mykey|ROM2:r2|altsyncram:altsyncram_component ;
;     -- OPERATION_MODE                     ; ROM                                                    ;
;     -- WIDTH_A                            ; 8                                                      ;
;     -- NUMWORDS_A                         ; 128                                                    ;
;     -- OUTDATA_REG_A                      ; CLOCK0                                                 ;
;     -- WIDTH_B                            ; 1                                                      ;
;     -- NUMWORDS_B                         ; 1                                                      ;
;     -- ADDRESS_REG_B                      ; CLOCK1                                                 ;
;     -- OUTDATA_REG_B                      ; UNREGISTERED                                           ;
;     -- RAM_BLOCK_TYPE                     ; AUTO                                                   ;
;     -- READ_DURING_WRITE_MODE_MIXED_PORTS ; DONT_CARE                                              ;
; Entity Instance                           ; keyboard:mykey|ps2_keyboard:key|altsyncram:fifo_rtl_0  ;
;     -- OPERATION_MODE                     ; DUAL_PORT                                              ;
;     -- WIDTH_A                            ; 8                                                      ;
;     -- NUMWORDS_A                         ; 8                                                      ;
;     -- OUTDATA_REG_A                      ; UNREGISTERED                                           ;
;     -- WIDTH_B                            ; 8                                                      ;
;     -- NUMWORDS_B                         ; 8                                                      ;
;     -- ADDRESS_REG_B                      ; CLOCK0                                                 ;
;     -- OUTDATA_REG_B                      ; UNREGISTERED                                           ;
;     -- RAM_BLOCK_TYPE                     ; AUTO                                                   ;
;     -- READ_DURING_WRITE_MODE_MIXED_PORTS ; DONT_CARE                                              ;
+-------------------------------------------+--------------------------------------------------------+


+---------------------------------------------------------------+
; Port Connectivity Checks: "keyboard:mykey|count:ct|my_hex:h5" ;
+------+-------+----------+-------------------------------------+
; Port ; Type  ; Severity ; Details                             ;
+------+-------+----------+-------------------------------------+
; en   ; Input ; Info     ; Stuck at VCC                        ;
+------+-------+----------+-------------------------------------+


+---------------------------------------------------------------+
; Port Connectivity Checks: "keyboard:mykey|count:ct|my_hex:h4" ;
+------+-------+----------+-------------------------------------+
; Port ; Type  ; Severity ; Details                             ;
+------+-------+----------+-------------------------------------+
; en   ; Input ; Info     ; Stuck at VCC                        ;
+------+-------+----------+-------------------------------------+


+--------------------------------------------------------------------------------------------------------------------+
; Port Connectivity Checks: "keyboard:mykey|ps2_keyboard:key"                                                        ;
+----------+--------+----------+-------------------------------------------------------------------------------------+
; Port     ; Type   ; Severity ; Details                                                                             ;
+----------+--------+----------+-------------------------------------------------------------------------------------+
; clrn     ; Input  ; Info     ; Stuck at VCC                                                                        ;
; overflow ; Output ; Info     ; Connected to dangling logic. Logic that only feeds a dangling port will be removed. ;
+----------+--------+----------+-------------------------------------------------------------------------------------+


+-----------------------------------------------------+
; Post-Synthesis Netlist Statistics for Top Partition ;
+-----------------------+-----------------------------+
; Type                  ; Count                       ;
+-----------------------+-----------------------------+
; arriav_ff             ; 72                          ;
;     ENA               ; 29                          ;
;     plain             ; 43                          ;
; arriav_io_obuf        ; 4                           ;
; arriav_lcell_comb     ; 181                         ;
;     arith             ; 14                          ;
;         1 data inputs ; 13                          ;
;         2 data inputs ; 1                           ;
;     normal            ; 167                         ;
;         0 data inputs ; 1                           ;
;         1 data inputs ; 7                           ;
;         2 data inputs ; 9                           ;
;         3 data inputs ; 24                          ;
;         4 data inputs ; 61                          ;
;         5 data inputs ; 25                          ;
;         6 data inputs ; 40                          ;
; boundary_port         ; 60                          ;
; stratixv_ram_block    ; 24                          ;
;                       ;                             ;
; Max LUT depth         ; 5.00                        ;
; Average LUT depth     ; 2.41                        ;
+-----------------------+-----------------------------+


+-------------------------------+
; Elapsed Time Per Partition    ;
+----------------+--------------+
; Partition Name ; Elapsed Time ;
+----------------+--------------+
; Top            ; 00:00:00     ;
+----------------+--------------+


+-------------------------------+
; Analysis & Synthesis Messages ;
+-------------------------------+
Info: *******************************************************************
Info: Running Quartus Prime Analysis & Synthesis
    Info: Version 17.1.0 Build 590 10/25/2017 SJ Lite Edition
    Info: Processing started: Thu Dec 05 20:27:01 2019
Info: Command: quartus_map --read_settings_files=on --write_settings_files=off ep8_2 -c ep8_2
Warning (18236): Number of processors has not been specified which may cause overloading on shared machines.  Set the global assignment NUM_PARALLEL_PROCESSORS in your QSF to an appropriate value for best performance.
Info (20030): Parallel compilation is enabled and will use 6 of the 6 processors detected
Info (12021): Found 1 design units, including 1 entities, in source file ps2_keyboard_model.v
    Info (12023): Found entity 1: ps2_keyboard_model File: F:/FPGA Project/ep8/ep8_2/ps2_keyboard_model.v Line: 2
Info (12021): Found 1 design units, including 1 entities, in source file my_clock.v
    Info (12023): Found entity 1: my_clock File: F:/FPGA Project/ep8/ep8_2/my_clock.v Line: 1
Info (12021): Found 1 design units, including 1 entities, in source file keyboard.v
    Info (12023): Found entity 1: keyboard File: F:/FPGA Project/ep8/ep8_2/keyboard.v Line: 1
Info (12021): Found 1 design units, including 1 entities, in source file ascii.v
    Info (12023): Found entity 1: ASCII File: F:/FPGA Project/ep8/ep8_2/ASCII.v Line: 1
Info (12021): Found 1 design units, including 1 entities, in source file rom1.v
    Info (12023): Found entity 1: ROM1 File: F:/FPGA Project/ep8/ep8_2/ROM1.v Line: 39
Info (12021): Found 1 design units, including 1 entities, in source file rom2.v
    Info (12023): Found entity 1: ROM2 File: F:/FPGA Project/ep8/ep8_2/ROM2.v Line: 39
Info (12021): Found 1 design units, including 1 entities, in source file count.v
    Info (12023): Found entity 1: count File: F:/FPGA Project/ep8/ep8_2/count.v Line: 1
Info (12021): Found 1 design units, including 1 entities, in source file code.v
    Info (12023): Found entity 1: code File: F:/FPGA Project/ep8/ep8_2/code.v Line: 1
Warning (12125): Using design file ep8_2.v, which is not specified as a design file for the current project, but contains definitions for 1 design units and 1 entities in project
    Info (12023): Found entity 1: ep8_2 File: F:/FPGA Project/ep8/ep8_2/ep8_2.v Line: 6
Info (12127): Elaborating entity "ep8_2" for the top level hierarchy
Warning (10034): Output port "LEDR[9..3]" at ep8_2.v(15) has no driver File: F:/FPGA Project/ep8/ep8_2/ep8_2.v Line: 15
Info (12128): Elaborating entity "keyboard" for hierarchy "keyboard:mykey" File: F:/FPGA Project/ep8/ep8_2/ep8_2.v Line: 45
Warning (10230): Verilog HDL assignment warning at keyboard.v(89): truncated value with size 32 to match size of target (8) File: F:/FPGA Project/ep8/ep8_2/keyboard.v Line: 89
Info (12128): Elaborating entity "my_clock" for hierarchy "keyboard:mykey|my_clock:mycl" File: F:/FPGA Project/ep8/ep8_2/keyboard.v Line: 27
Warning (10230): Verilog HDL assignment warning at my_clock.v(13): truncated value with size 32 to match size of target (7) File: F:/FPGA Project/ep8/ep8_2/my_clock.v Line: 13
Warning (12125): Using design file ps2_keyboard.v, which is not specified as a design file for the current project, but contains definitions for 1 design units and 1 entities in project
    Info (12023): Found entity 1: ps2_keyboard File: F:/FPGA Project/ep8/ep8_2/ps2_keyboard.v Line: 1
Info (12128): Elaborating entity "ps2_keyboard" for hierarchy "keyboard:mykey|ps2_keyboard:key" File: F:/FPGA Project/ep8/ep8_2/keyboard.v Line: 28
Info (12128): Elaborating entity "ROM1" for hierarchy "keyboard:mykey|ROM1:r1" File: F:/FPGA Project/ep8/ep8_2/keyboard.v Line: 29
Info (12128): Elaborating entity "altsyncram" for hierarchy "keyboard:mykey|ROM1:r1|altsyncram:altsyncram_component" File: F:/FPGA Project/ep8/ep8_2/ROM1.v Line: 81
Info (12130): Elaborated megafunction instantiation "keyboard:mykey|ROM1:r1|altsyncram:altsyncram_component" File: F:/FPGA Project/ep8/ep8_2/ROM1.v Line: 81
Info (12133): Instantiated megafunction "keyboard:mykey|ROM1:r1|altsyncram:altsyncram_component" with the following parameter: File: F:/FPGA Project/ep8/ep8_2/ROM1.v Line: 81
    Info (12134): Parameter "address_aclr_a" = "NONE"
    Info (12134): Parameter "clock_enable_input_a" = "BYPASS"
    Info (12134): Parameter "clock_enable_output_a" = "BYPASS"
    Info (12134): Parameter "init_file" = "code1.mif"
    Info (12134): Parameter "intended_device_family" = "Cyclone V"
    Info (12134): Parameter "lpm_hint" = "ENABLE_RUNTIME_MOD=NO"
    Info (12134): Parameter "lpm_type" = "altsyncram"
    Info (12134): Parameter "numwords_a" = "128"
    Info (12134): Parameter "operation_mode" = "ROM"
    Info (12134): Parameter "outdata_aclr_a" = "NONE"
    Info (12134): Parameter "outdata_reg_a" = "CLOCK0"
    Info (12134): Parameter "widthad_a" = "8"
    Info (12134): Parameter "width_a" = "8"
    Info (12134): Parameter "width_byteena_a" = "1"
Warning (287001): Assertion warning: Not using extra address lines in altsyncram megafunction design -- 128 memory words in side A specified but total number of address lines is 8 File: F:/FPGA Project/ep8/ep8_2/db/altsyncram_q8f1.tdf Line: 218
Info (12021): Found 1 design units, including 1 entities, in source file db/altsyncram_q8f1.tdf
    Info (12023): Found entity 1: altsyncram_q8f1 File: F:/FPGA Project/ep8/ep8_2/db/altsyncram_q8f1.tdf Line: 27
Info (12128): Elaborating entity "altsyncram_q8f1" for hierarchy "keyboard:mykey|ROM1:r1|altsyncram:altsyncram_component|altsyncram_q8f1:auto_generated" File: f:/intelfpga_lite/quartus/libraries/megafunctions/altsyncram.tdf Line: 791
Info (12128): Elaborating entity "ROM2" for hierarchy "keyboard:mykey|ROM2:r2" File: F:/FPGA Project/ep8/ep8_2/keyboard.v Line: 30
Info (12128): Elaborating entity "altsyncram" for hierarchy "keyboard:mykey|ROM2:r2|altsyncram:altsyncram_component" File: F:/FPGA Project/ep8/ep8_2/ROM2.v Line: 81
Info (12130): Elaborated megafunction instantiation "keyboard:mykey|ROM2:r2|altsyncram:altsyncram_component" File: F:/FPGA Project/ep8/ep8_2/ROM2.v Line: 81
Info (12133): Instantiated megafunction "keyboard:mykey|ROM2:r2|altsyncram:altsyncram_component" with the following parameter: File: F:/FPGA Project/ep8/ep8_2/ROM2.v Line: 81
    Info (12134): Parameter "address_aclr_a" = "NONE"
    Info (12134): Parameter "clock_enable_input_a" = "BYPASS"
    Info (12134): Parameter "clock_enable_output_a" = "BYPASS"
    Info (12134): Parameter "init_file" = "code2.mif"
    Info (12134): Parameter "intended_device_family" = "Cyclone V"
    Info (12134): Parameter "lpm_hint" = "ENABLE_RUNTIME_MOD=NO"
    Info (12134): Parameter "lpm_type" = "altsyncram"
    Info (12134): Parameter "numwords_a" = "128"
    Info (12134): Parameter "operation_mode" = "ROM"
    Info (12134): Parameter "outdata_aclr_a" = "NONE"
    Info (12134): Parameter "outdata_reg_a" = "CLOCK0"
    Info (12134): Parameter "widthad_a" = "8"
    Info (12134): Parameter "width_a" = "8"
    Info (12134): Parameter "width_byteena_a" = "1"
Warning (287001): Assertion warning: Not using extra address lines in altsyncram megafunction design -- 128 memory words in side A specified but total number of address lines is 8 File: F:/FPGA Project/ep8/ep8_2/db/altsyncram_r8f1.tdf Line: 218
Info (12021): Found 1 design units, including 1 entities, in source file db/altsyncram_r8f1.tdf
    Info (12023): Found entity 1: altsyncram_r8f1 File: F:/FPGA Project/ep8/ep8_2/db/altsyncram_r8f1.tdf Line: 27
Info (12128): Elaborating entity "altsyncram_r8f1" for hierarchy "keyboard:mykey|ROM2:r2|altsyncram:altsyncram_component|altsyncram_r8f1:auto_generated" File: f:/intelfpga_lite/quartus/libraries/megafunctions/altsyncram.tdf Line: 791
Info (12128): Elaborating entity "code" for hierarchy "keyboard:mykey|code:co" File: F:/FPGA Project/ep8/ep8_2/keyboard.v Line: 31
Warning (12125): Using design file my_hex.v, which is not specified as a design file for the current project, but contains definitions for 1 design units and 1 entities in project
    Info (12023): Found entity 1: my_hex File: F:/FPGA Project/ep8/ep8_2/my_hex.v Line: 1
Info (12128): Elaborating entity "my_hex" for hierarchy "keyboard:mykey|code:co|my_hex:h0" File: F:/FPGA Project/ep8/ep8_2/code.v Line: 7
Warning (10235): Verilog HDL Always Construct warning at my_hex.v(8): variable "en" is read inside the Always Construct but isn't in the Always Construct's Event Control File: F:/FPGA Project/ep8/ep8_2/my_hex.v Line: 8
Info (12128): Elaborating entity "ASCII" for hierarchy "keyboard:mykey|ASCII:ascii" File: F:/FPGA Project/ep8/ep8_2/keyboard.v Line: 32
Warning (10240): Verilog HDL Always Construct warning at ASCII.v(13): inferring latch(es) for variable "ascii", which holds its previous value in one or more paths through the always construct File: F:/FPGA Project/ep8/ep8_2/ASCII.v Line: 13
Info (10041): Inferred latch for "ascii[0]" at ASCII.v(22) File: F:/FPGA Project/ep8/ep8_2/ASCII.v Line: 22
Info (10041): Inferred latch for "ascii[1]" at ASCII.v(22) File: F:/FPGA Project/ep8/ep8_2/ASCII.v Line: 22
Info (10041): Inferred latch for "ascii[2]" at ASCII.v(22) File: F:/FPGA Project/ep8/ep8_2/ASCII.v Line: 22
Info (10041): Inferred latch for "ascii[3]" at ASCII.v(22) File: F:/FPGA Project/ep8/ep8_2/ASCII.v Line: 22
Info (10041): Inferred latch for "ascii[4]" at ASCII.v(22) File: F:/FPGA Project/ep8/ep8_2/ASCII.v Line: 22
Info (10041): Inferred latch for "ascii[5]" at ASCII.v(22) File: F:/FPGA Project/ep8/ep8_2/ASCII.v Line: 22
Info (10041): Inferred latch for "ascii[6]" at ASCII.v(22) File: F:/FPGA Project/ep8/ep8_2/ASCII.v Line: 22
Info (10041): Inferred latch for "ascii[7]" at ASCII.v(22) File: F:/FPGA Project/ep8/ep8_2/ASCII.v Line: 22
Info (12128): Elaborating entity "count" for hierarchy "keyboard:mykey|count:ct" File: F:/FPGA Project/ep8/ep8_2/keyboard.v Line: 33
Warning (276020): Inferred RAM node "keyboard:mykey|ps2_keyboard:key|fifo_rtl_0" from synchronous design logic.  Pass-through logic has been added to match the read-during-write behavior of the original design.
Info (19000): Inferred 1 megafunctions from design logic
    Info (276029): Inferred altsyncram megafunction from the following design logic: "keyboard:mykey|ps2_keyboard:key|fifo_rtl_0" 
        Info (286033): Parameter OPERATION_MODE set to DUAL_PORT
        Info (286033): Parameter WIDTH_A set to 8
        Info (286033): Parameter WIDTHAD_A set to 3
        Info (286033): Parameter NUMWORDS_A set to 8
        Info (286033): Parameter WIDTH_B set to 8
        Info (286033): Parameter WIDTHAD_B set to 3
        Info (286033): Parameter NUMWORDS_B set to 8
        Info (286033): Parameter ADDRESS_ACLR_A set to NONE
        Info (286033): Parameter OUTDATA_REG_B set to UNREGISTERED
        Info (286033): Parameter ADDRESS_ACLR_B set to NONE
        Info (286033): Parameter OUTDATA_ACLR_B set to NONE
        Info (286033): Parameter ADDRESS_REG_B set to CLOCK0
        Info (286033): Parameter INDATA_ACLR_A set to NONE
        Info (286033): Parameter WRCONTROL_ACLR_A set to NONE
Info (12130): Elaborated megafunction instantiation "keyboard:mykey|ps2_keyboard:key|altsyncram:fifo_rtl_0"
Info (12133): Instantiated megafunction "keyboard:mykey|ps2_keyboard:key|altsyncram:fifo_rtl_0" with the following parameter:
    Info (12134): Parameter "OPERATION_MODE" = "DUAL_PORT"
    Info (12134): Parameter "WIDTH_A" = "8"
    Info (12134): Parameter "WIDTHAD_A" = "3"
    Info (12134): Parameter "NUMWORDS_A" = "8"
    Info (12134): Parameter "WIDTH_B" = "8"
    Info (12134): Parameter "WIDTHAD_B" = "3"
    Info (12134): Parameter "NUMWORDS_B" = "8"
    Info (12134): Parameter "ADDRESS_ACLR_A" = "NONE"
    Info (12134): Parameter "OUTDATA_REG_B" = "UNREGISTERED"
    Info (12134): Parameter "ADDRESS_ACLR_B" = "NONE"
    Info (12134): Parameter "OUTDATA_ACLR_B" = "NONE"
    Info (12134): Parameter "ADDRESS_REG_B" = "CLOCK0"
    Info (12134): Parameter "INDATA_ACLR_A" = "NONE"
    Info (12134): Parameter "WRCONTROL_ACLR_A" = "NONE"
Info (12021): Found 1 design units, including 1 entities, in source file db/altsyncram_lsj1.tdf
    Info (12023): Found entity 1: altsyncram_lsj1 File: F:/FPGA Project/ep8/ep8_2/db/altsyncram_lsj1.tdf Line: 27
Warning (13039): The following bidirectional pins have no drivers
    Warning (13040): bidirectional pin "PS2_CLK" has no driver File: F:/FPGA Project/ep8/ep8_2/ep8_2.v Line: 26
    Warning (13040): bidirectional pin "PS2_DAT" has no driver File: F:/FPGA Project/ep8/ep8_2/ep8_2.v Line: 28
    Warning (13040): bidirectional pin "PS2_CLK2" has no driver File: F:/FPGA Project/ep8/ep8_2/ep8_2.v Line: 27
    Warning (13040): bidirectional pin "PS2_DAT2" has no driver File: F:/FPGA Project/ep8/ep8_2/ep8_2.v Line: 30
Warning (13024): Output pins are stuck at VCC or GND
    Warning (13410): Pin "LEDR[3]" is stuck at GND File: F:/FPGA Project/ep8/ep8_2/ep8_2.v Line: 15
    Warning (13410): Pin "LEDR[4]" is stuck at GND File: F:/FPGA Project/ep8/ep8_2/ep8_2.v Line: 15
    Warning (13410): Pin "LEDR[5]" is stuck at GND File: F:/FPGA Project/ep8/ep8_2/ep8_2.v Line: 15
    Warning (13410): Pin "LEDR[6]" is stuck at GND File: F:/FPGA Project/ep8/ep8_2/ep8_2.v Line: 15
    Warning (13410): Pin "LEDR[7]" is stuck at GND File: F:/FPGA Project/ep8/ep8_2/ep8_2.v Line: 15
    Warning (13410): Pin "LEDR[8]" is stuck at GND File: F:/FPGA Project/ep8/ep8_2/ep8_2.v Line: 15
    Warning (13410): Pin "LEDR[9]" is stuck at GND File: F:/FPGA Project/ep8/ep8_2/ep8_2.v Line: 15
Info (286030): Timing-Driven Synthesis is running
Info (16010): Generating hard_block partition "hard_block:auto_generated_inst"
    Info (16011): Adding 0 node(s), including 0 DDIO, 0 PLL, 0 transceiver and 0 LCELL
Warning (21074): Design contains 3 input pin(s) that do not drive logic
    Warning (15610): No output dependent on input pin "CLOCK2_50" File: F:/FPGA Project/ep8/ep8_2/ep8_2.v Line: 9
    Warning (15610): No output dependent on input pin "CLOCK3_50" File: F:/FPGA Project/ep8/ep8_2/ep8_2.v Line: 10
    Warning (15610): No output dependent on input pin "CLOCK4_50" File: F:/FPGA Project/ep8/ep8_2/ep8_2.v Line: 11
Info (21057): Implemented 291 device resources after synthesis - the final resource count might be different
    Info (21058): Implemented 4 input pins
    Info (21059): Implemented 52 output pins
    Info (21060): Implemented 4 bidirectional pins
    Info (21061): Implemented 207 logic cells
    Info (21064): Implemented 24 RAM segments
Info: Quartus Prime Analysis & Synthesis was successful. 0 errors, 29 warnings
    Info: Peak virtual memory: 4857 megabytes
    Info: Processing ended: Thu Dec 05 20:27:11 2019
    Info: Elapsed time: 00:00:10
    Info: Total CPU time (on all processors): 00:00:20


