Analysis & Synthesis report for ep9_2
Tue Nov 26 20:00:25 2019
Quartus Prime Version 17.1.0 Build 590 10/25/2017 SJ Lite Edition


---------------------
; Table of Contents ;
---------------------
  1. Legal Notice
  2. Analysis & Synthesis Summary
  3. Analysis & Synthesis Settings
  4. Parallel Compilation
  5. Analysis & Synthesis Source Files Read
  6. Analysis & Synthesis Resource Usage Summary
  7. Analysis & Synthesis Resource Utilization by Entity
  8. Analysis & Synthesis RAM Summary
  9. Analysis & Synthesis IP Cores Summary
 10. Registers Removed During Synthesis
 11. General Register Statistics
 12. Multiplexer Restructuring Statistics (Restructuring Performed)
 13. Source assignments for picture:my_pic|ROM:rom|altsyncram:altsyncram_component|altsyncram_g1i1:auto_generated
 14. Parameter Settings for User Entity Instance: picture:my_pic|clkgen:clk_
 15. Parameter Settings for User Entity Instance: picture:my_pic|vga_ctrl:ctrl
 16. Parameter Settings for User Entity Instance: picture:my_pic|ROM:rom|altsyncram:altsyncram_component
 17. altsyncram Parameter Settings by Entity Instance
 18. Port Connectivity Checks: "picture:my_pic|vga_ctrl:ctrl"
 19. Port Connectivity Checks: "picture:my_pic|clkgen:clk_"
 20. Port Connectivity Checks: "picture:my_pic"
 21. Post-Synthesis Netlist Statistics for Top Partition
 22. Elapsed Time Per Partition
 23. Analysis & Synthesis Messages



----------------
; Legal Notice ;
----------------
Copyright (C) 2017  Intel Corporation. All rights reserved.
Your use of Intel Corporation's design tools, logic functions 
and other software and tools, and its AMPP partner logic 
functions, and any output files from any of the foregoing 
(including device programming or simulation files), and any 
associated documentation or information are expressly subject 
to the terms and conditions of the Intel Program License 
Subscription Agreement, the Intel Quartus Prime License Agreement,
the Intel FPGA IP License Agreement, or other applicable license
agreement, including, without limitation, that your use is for
the sole purpose of programming logic devices manufactured by
Intel and sold by Intel or its authorized distributors.  Please
refer to the applicable agreement for further details.



+-------------------------------------------------------------------------------+
; Analysis & Synthesis Summary                                                  ;
+---------------------------------+---------------------------------------------+
; Analysis & Synthesis Status     ; Successful - Tue Nov 26 20:00:25 2019       ;
; Quartus Prime Version           ; 17.1.0 Build 590 10/25/2017 SJ Lite Edition ;
; Revision Name                   ; ep9_2                                       ;
; Top-level Entity Name           ; ep9_2                                       ;
; Family                          ; Cyclone V                                   ;
; Logic utilization (in ALMs)     ; N/A                                         ;
; Total registers                 ; 96                                          ;
; Total pins                      ; 33                                          ;
; Total virtual pins              ; 0                                           ;
; Total block memory bits         ; 3,932,160                                   ;
; Total DSP Blocks                ; 0                                           ;
; Total HSSI RX PCSs              ; 0                                           ;
; Total HSSI PMA RX Deserializers ; 0                                           ;
; Total HSSI TX PCSs              ; 0                                           ;
; Total HSSI PMA TX Serializers   ; 0                                           ;
; Total PLLs                      ; 0                                           ;
; Total DLLs                      ; 0                                           ;
+---------------------------------+---------------------------------------------+


+---------------------------------------------------------------------------------------------------------------------------+
; Analysis & Synthesis Settings                                                                                             ;
+---------------------------------------------------------------------------------+--------------------+--------------------+
; Option                                                                          ; Setting            ; Default Value      ;
+---------------------------------------------------------------------------------+--------------------+--------------------+
; Device                                                                          ; 5CSXFC6D6F31C6     ;                    ;
; Top-level entity name                                                           ; ep9_2              ; ep9_2              ;
; Family name                                                                     ; Cyclone V          ; Cyclone V          ;
; Use smart compilation                                                           ; Off                ; Off                ;
; Enable parallel Assembler and TimeQuest Timing Analyzer during compilation      ; On                 ; On                 ;
; Enable compact report table                                                     ; Off                ; Off                ;
; Restructure Multiplexers                                                        ; Auto               ; Auto               ;
; MLAB Add Timing Constraints For Mixed-Port Feed-Through Mode Setting Don't Care ; Off                ; Off                ;
; Create Debugging Nodes for IP Cores                                             ; Off                ; Off                ;
; Preserve fewer node names                                                       ; On                 ; On                 ;
; Intel FPGA IP Evaluation Mode                                                   ; Enable             ; Enable             ;
; Verilog Version                                                                 ; Verilog_2001       ; Verilog_2001       ;
; VHDL Version                                                                    ; VHDL_1993          ; VHDL_1993          ;
; State Machine Processing                                                        ; Auto               ; Auto               ;
; Safe State Machine                                                              ; Off                ; Off                ;
; Extract Verilog State Machines                                                  ; On                 ; On                 ;
; Extract VHDL State Machines                                                     ; On                 ; On                 ;
; Ignore Verilog initial constructs                                               ; Off                ; Off                ;
; Iteration limit for constant Verilog loops                                      ; 5000               ; 5000               ;
; Iteration limit for non-constant Verilog loops                                  ; 250                ; 250                ;
; Add Pass-Through Logic to Inferred RAMs                                         ; On                 ; On                 ;
; Infer RAMs from Raw Logic                                                       ; On                 ; On                 ;
; Parallel Synthesis                                                              ; On                 ; On                 ;
; DSP Block Balancing                                                             ; Auto               ; Auto               ;
; NOT Gate Push-Back                                                              ; On                 ; On                 ;
; Power-Up Don't Care                                                             ; On                 ; On                 ;
; Remove Redundant Logic Cells                                                    ; Off                ; Off                ;
; Remove Duplicate Registers                                                      ; On                 ; On                 ;
; Ignore CARRY Buffers                                                            ; Off                ; Off                ;
; Ignore CASCADE Buffers                                                          ; Off                ; Off                ;
; Ignore GLOBAL Buffers                                                           ; Off                ; Off                ;
; Ignore ROW GLOBAL Buffers                                                       ; Off                ; Off                ;
; Ignore LCELL Buffers                                                            ; Off                ; Off                ;
; Ignore SOFT Buffers                                                             ; On                 ; On                 ;
; Limit AHDL Integers to 32 Bits                                                  ; Off                ; Off                ;
; Optimization Technique                                                          ; Balanced           ; Balanced           ;
; Carry Chain Length                                                              ; 70                 ; 70                 ;
; Auto Carry Chains                                                               ; On                 ; On                 ;
; Auto Open-Drain Pins                                                            ; On                 ; On                 ;
; Perform WYSIWYG Primitive Resynthesis                                           ; Off                ; Off                ;
; Auto ROM Replacement                                                            ; On                 ; On                 ;
; Auto RAM Replacement                                                            ; On                 ; On                 ;
; Auto DSP Block Replacement                                                      ; On                 ; On                 ;
; Auto Shift Register Replacement                                                 ; Auto               ; Auto               ;
; Allow Shift Register Merging across Hierarchies                                 ; Auto               ; Auto               ;
; Auto Clock Enable Replacement                                                   ; On                 ; On                 ;
; Strict RAM Replacement                                                          ; Off                ; Off                ;
; Allow Synchronous Control Signals                                               ; On                 ; On                 ;
; Force Use of Synchronous Clear Signals                                          ; Off                ; Off                ;
; Auto Resource Sharing                                                           ; Off                ; Off                ;
; Allow Any RAM Size For Recognition                                              ; Off                ; Off                ;
; Allow Any ROM Size For Recognition                                              ; Off                ; Off                ;
; Allow Any Shift Register Size For Recognition                                   ; Off                ; Off                ;
; Use LogicLock Constraints during Resource Balancing                             ; On                 ; On                 ;
; Ignore translate_off and synthesis_off directives                               ; Off                ; Off                ;
; Timing-Driven Synthesis                                                         ; On                 ; On                 ;
; Report Parameter Settings                                                       ; On                 ; On                 ;
; Report Source Assignments                                                       ; On                 ; On                 ;
; Report Connectivity Checks                                                      ; On                 ; On                 ;
; Ignore Maximum Fan-Out Assignments                                              ; Off                ; Off                ;
; Synchronization Register Chain Length                                           ; 3                  ; 3                  ;
; Power Optimization During Synthesis                                             ; Normal compilation ; Normal compilation ;
; HDL message level                                                               ; Level2             ; Level2             ;
; Suppress Register Optimization Related Messages                                 ; Off                ; Off                ;
; Number of Removed Registers Reported in Synthesis Report                        ; 5000               ; 5000               ;
; Number of Swept Nodes Reported in Synthesis Report                              ; 5000               ; 5000               ;
; Number of Inverted Registers Reported in Synthesis Report                       ; 100                ; 100                ;
; Clock MUX Protection                                                            ; On                 ; On                 ;
; Auto Gated Clock Conversion                                                     ; Off                ; Off                ;
; Block Design Naming                                                             ; Auto               ; Auto               ;
; SDC constraint protection                                                       ; Off                ; Off                ;
; Synthesis Effort                                                                ; Auto               ; Auto               ;
; Shift Register Replacement - Allow Asynchronous Clear Signal                    ; On                 ; On                 ;
; Pre-Mapping Resynthesis Optimization                                            ; Off                ; Off                ;
; Analysis & Synthesis Message Level                                              ; Medium             ; Medium             ;
; Disable Register Merging Across Hierarchies                                     ; Auto               ; Auto               ;
; Resource Aware Inference For Block RAM                                          ; On                 ; On                 ;
; Automatic Parallel Synthesis                                                    ; On                 ; On                 ;
; Partial Reconfiguration Bitstream ID                                            ; Off                ; Off                ;
+---------------------------------------------------------------------------------+--------------------+--------------------+


+------------------------------------------+
; Parallel Compilation                     ;
+----------------------------+-------------+
; Processors                 ; Number      ;
+----------------------------+-------------+
; Number detected on machine ; 12          ;
; Maximum allowed            ; 6           ;
;                            ;             ;
; Average used               ; 1.00        ;
; Maximum used               ; 6           ;
;                            ;             ;
; Usage by Processor         ; % Time Used ;
;     Processor 1            ; 100.0%      ;
;     Processor 2            ;   0.0%      ;
;     Processor 3            ;   0.0%      ;
;     Processor 4            ;   0.0%      ;
;     Processor 5            ;   0.0%      ;
;     Processor 6            ;   0.0%      ;
+----------------------------+-------------+


+---------------------------------------------------------------------------------------------------------------------------------------------------------------------------------+
; Analysis & Synthesis Source Files Read                                                                                                                                          ;
+----------------------------------+-----------------+----------------------------------------+-------------------------------------------------------------------------+---------+
; File Name with User-Entered Path ; Used in Netlist ; File Type                              ; File Name with Absolute Path                                            ; Library ;
+----------------------------------+-----------------+----------------------------------------+-------------------------------------------------------------------------+---------+
; picture.v                        ; yes             ; User Verilog HDL File                  ; F:/FPGA Project/ep9/ep9_2/picture.v                                     ;         ;
; ROM.v                            ; yes             ; User Wizard-Generated File             ; F:/FPGA Project/ep9/ep9_2/ROM.v                                         ;         ;
; ep9_2.v                          ; yes             ; Auto-Found Verilog HDL File            ; F:/FPGA Project/ep9/ep9_2/ep9_2.v                                       ;         ;
; clkgen.v                         ; yes             ; Auto-Found Verilog HDL File            ; F:/FPGA Project/ep9/ep9_2/clkgen.v                                      ;         ;
; vga_ctrl.v                       ; yes             ; Auto-Found Verilog HDL File            ; F:/FPGA Project/ep9/ep9_2/vga_ctrl.v                                    ;         ;
; altsyncram.tdf                   ; yes             ; Megafunction                           ; f:/intelfpga_lite/quartus/libraries/megafunctions/altsyncram.tdf        ;         ;
; stratix_ram_block.inc            ; yes             ; Megafunction                           ; f:/intelfpga_lite/quartus/libraries/megafunctions/stratix_ram_block.inc ;         ;
; lpm_mux.inc                      ; yes             ; Megafunction                           ; f:/intelfpga_lite/quartus/libraries/megafunctions/lpm_mux.inc           ;         ;
; lpm_decode.inc                   ; yes             ; Megafunction                           ; f:/intelfpga_lite/quartus/libraries/megafunctions/lpm_decode.inc        ;         ;
; aglobal171.inc                   ; yes             ; Megafunction                           ; f:/intelfpga_lite/quartus/libraries/megafunctions/aglobal171.inc        ;         ;
; a_rdenreg.inc                    ; yes             ; Megafunction                           ; f:/intelfpga_lite/quartus/libraries/megafunctions/a_rdenreg.inc         ;         ;
; altrom.inc                       ; yes             ; Megafunction                           ; f:/intelfpga_lite/quartus/libraries/megafunctions/altrom.inc            ;         ;
; altram.inc                       ; yes             ; Megafunction                           ; f:/intelfpga_lite/quartus/libraries/megafunctions/altram.inc            ;         ;
; altdpram.inc                     ; yes             ; Megafunction                           ; f:/intelfpga_lite/quartus/libraries/megafunctions/altdpram.inc          ;         ;
; db/altsyncram_g1i1.tdf           ; yes             ; Auto-Generated Megafunction            ; F:/FPGA Project/ep9/ep9_2/db/altsyncram_g1i1.tdf                        ;         ;
; my_picture.mif                   ; yes             ; Auto-Found Memory Initialization File  ; F:/FPGA Project/ep9/ep9_2/my_picture.mif                                ;         ;
; db/decode_l2a.tdf                ; yes             ; Auto-Generated Megafunction            ; F:/FPGA Project/ep9/ep9_2/db/decode_l2a.tdf                             ;         ;
; db/mux_nib.tdf                   ; yes             ; Auto-Generated Megafunction            ; F:/FPGA Project/ep9/ep9_2/db/mux_nib.tdf                                ;         ;
+----------------------------------+-----------------+----------------------------------------+-------------------------------------------------------------------------+---------+


+---------------------------------------------------------------------------------+
; Analysis & Synthesis Resource Usage Summary                                     ;
+---------------------------------------------+-----------------------------------+
; Resource                                    ; Usage                             ;
+---------------------------------------------+-----------------------------------+
; Estimate of Logic utilization (ALMs needed) ; 253                               ;
;                                             ;                                   ;
; Combinational ALUT usage for logic          ; 307                               ;
;     -- 7 input functions                    ; 0                                 ;
;     -- 6 input functions                    ; 197                               ;
;     -- 5 input functions                    ; 19                                ;
;     -- 4 input functions                    ; 13                                ;
;     -- <=3 input functions                  ; 78                                ;
;                                             ;                                   ;
; Dedicated logic registers                   ; 96                                ;
;                                             ;                                   ;
; I/O pins                                    ; 33                                ;
; Total MLAB memory bits                      ; 0                                 ;
; Total block memory bits                     ; 3932160                           ;
;                                             ;                                   ;
; Total DSP Blocks                            ; 0                                 ;
;                                             ;                                   ;
; Maximum fan-out node                        ; picture:my_pic|clkgen:clk_|clkout ;
; Maximum fan-out                             ; 514                               ;
; Total fan-out                               ; 8996                              ;
; Average fan-out                             ; 9.48                              ;
+---------------------------------------------+-----------------------------------+


+--------------------------------------------------------------------------------------------------------------------------------------------------------------------------------------------------------------------------------------------------------------------------------------------------------------+
; Analysis & Synthesis Resource Utilization by Entity                                                                                                                                                                                                                                                          ;
+----------------------------------------------+---------------------+---------------------------+-------------------+------------+------+--------------+---------------------------------------------------------------------------------------------------------------------+-----------------+--------------+
; Compilation Hierarchy Node                   ; Combinational ALUTs ; Dedicated Logic Registers ; Block Memory Bits ; DSP Blocks ; Pins ; Virtual Pins ; Full Hierarchy Name                                                                                                 ; Entity Name     ; Library Name ;
+----------------------------------------------+---------------------+---------------------------+-------------------+------------+------+--------------+---------------------------------------------------------------------------------------------------------------------+-----------------+--------------+
; |ep9_2                                       ; 307 (0)             ; 96 (0)                    ; 3932160           ; 0          ; 33   ; 0            ; |ep9_2                                                                                                              ; ep9_2           ; work         ;
;    |picture:my_pic|                          ; 307 (0)             ; 96 (31)                   ; 3932160           ; 0          ; 0    ; 0            ; |ep9_2|picture:my_pic                                                                                               ; picture         ; work         ;
;       |ROM:rom|                              ; 209 (0)             ; 12 (0)                    ; 3932160           ; 0          ; 0    ; 0            ; |ep9_2|picture:my_pic|ROM:rom                                                                                       ; ROM             ; work         ;
;          |altsyncram:altsyncram_component|   ; 209 (0)             ; 12 (0)                    ; 3932160           ; 0          ; 0    ; 0            ; |ep9_2|picture:my_pic|ROM:rom|altsyncram:altsyncram_component                                                       ; altsyncram      ; work         ;
;             |altsyncram_g1i1:auto_generated| ; 209 (0)             ; 12 (12)                   ; 3932160           ; 0          ; 0    ; 0            ; |ep9_2|picture:my_pic|ROM:rom|altsyncram:altsyncram_component|altsyncram_g1i1:auto_generated                        ; altsyncram_g1i1 ; work         ;
;                |decode_l2a:rden_decode|      ; 40 (40)             ; 0 (0)                     ; 0                 ; 0          ; 0    ; 0            ; |ep9_2|picture:my_pic|ROM:rom|altsyncram:altsyncram_component|altsyncram_g1i1:auto_generated|decode_l2a:rden_decode ; decode_l2a      ; work         ;
;                |mux_nib:mux2|                ; 169 (169)           ; 0 (0)                     ; 0                 ; 0          ; 0    ; 0            ; |ep9_2|picture:my_pic|ROM:rom|altsyncram:altsyncram_component|altsyncram_g1i1:auto_generated|mux_nib:mux2           ; mux_nib         ; work         ;
;       |clkgen:clk_|                          ; 43 (43)             ; 33 (33)                   ; 0                 ; 0          ; 0    ; 0            ; |ep9_2|picture:my_pic|clkgen:clk_                                                                                   ; clkgen          ; work         ;
;       |vga_ctrl:ctrl|                        ; 55 (55)             ; 20 (20)                   ; 0                 ; 0          ; 0    ; 0            ; |ep9_2|picture:my_pic|vga_ctrl:ctrl                                                                                 ; vga_ctrl        ; work         ;
+----------------------------------------------+---------------------+---------------------------+-------------------+------------+------+--------------+---------------------------------------------------------------------------------------------------------------------+-----------------+--------------+
Note: For table entries with two numbers listed, the numbers in parentheses indicate the number of resources of the given type used by the specific entity alone. The numbers listed outside of parentheses indicate the total resources of the given type used by the specific entity and all of its sub-entities in the hierarchy.


+-------------------------------------------------------------------------------------------------------------------------------------------------------------------------------------------------------------+
; Analysis & Synthesis RAM Summary                                                                                                                                                                            ;
+--------------------------------------------------------------------------------------------------+------------+------+--------------+--------------+--------------+--------------+---------+----------------+
; Name                                                                                             ; Type       ; Mode ; Port A Depth ; Port A Width ; Port B Depth ; Port B Width ; Size    ; MIF            ;
+--------------------------------------------------------------------------------------------------+------------+------+--------------+--------------+--------------+--------------+---------+----------------+
; picture:my_pic|ROM:rom|altsyncram:altsyncram_component|altsyncram_g1i1:auto_generated|ALTSYNCRAM ; M10K block ; ROM  ; 327680       ; 12           ; --           ; --           ; 3932160 ; my_picture.mif ;
+--------------------------------------------------------------------------------------------------+------------+------+--------------+--------------+--------------+--------------+---------+----------------+


+-----------------------------------------------------------------------------------------------------------------+
; Analysis & Synthesis IP Cores Summary                                                                           ;
+--------+--------------+---------+--------------+--------------+-------------------------------+-----------------+
; Vendor ; IP Core Name ; Version ; Release Date ; License Type ; Entity Instance               ; IP Include File ;
+--------+--------------+---------+--------------+--------------+-------------------------------+-----------------+
; Altera ; ROM: 1-PORT  ; 17.1    ; N/A          ; N/A          ; |ep9_2|picture:my_pic|ROM:rom ; ROM.v           ;
+--------+--------------+---------+--------------+--------------+-------------------------------+-----------------+


+---------------------------------------------------------------------------------+
; Registers Removed During Synthesis                                              ;
+----------------------------------------+----------------------------------------+
; Register name                          ; Reason for Removal                     ;
+----------------------------------------+----------------------------------------+
; picture:my_pic|data[0..3,8..11,16..19] ; Stuck at GND due to stuck port data_in ;
; Total Number of Removed Registers = 12 ;                                        ;
+----------------------------------------+----------------------------------------+


+------------------------------------------------------+
; General Register Statistics                          ;
+----------------------------------------------+-------+
; Statistic                                    ; Value ;
+----------------------------------------------+-------+
; Total registers                              ; 96    ;
; Number of registers using Synchronous Clear  ; 60    ;
; Number of registers using Synchronous Load   ; 0     ;
; Number of registers using Asynchronous Clear ; 0     ;
; Number of registers using Asynchronous Load  ; 0     ;
; Number of registers using Clock Enable       ; 9     ;
; Number of registers using Preset             ; 0     ;
+----------------------------------------------+-------+


+----------------------------------------------------------------------------------------------------------------------------------------------------------------------------------------------------------------------------------------------+
; Multiplexer Restructuring Statistics (Restructuring Performed)                                                                                                                                                                               ;
+--------------------+-----------+---------------+----------------------+------------------------+------------+--------------------------------------------------------------------------------------------------------------------------------+
; Multiplexer Inputs ; Bus Width ; Baseline Area ; Area if Restructured ; Saving if Restructured ; Registered ; Example Multiplexer Output                                                                                                     ;
+--------------------+-----------+---------------+----------------------+------------------------+------------+--------------------------------------------------------------------------------------------------------------------------------+
; 3:1                ; 9 bits    ; 18 LEs        ; 0 LEs                ; 18 LEs                 ; Yes        ; |ep9_2|picture:my_pic|vga_ctrl:ctrl|y_cnt[8]                                                                                   ;
; 33:1               ; 12 bits   ; 264 LEs       ; 264 LEs              ; 0 LEs                  ; Yes        ; |ep9_2|picture:my_pic|data[14]                                                                                                 ;
; 8:1                ; 12 bits   ; 60 LEs        ; 60 LEs               ; 0 LEs                  ; No         ; |ep9_2|picture:my_pic|ROM:rom|altsyncram:altsyncram_component|altsyncram_g1i1:auto_generated|mux_nib:mux2|l3_w0_n4_mux_dataout ;
+--------------------+-----------+---------------+----------------------+------------------------+------------+--------------------------------------------------------------------------------------------------------------------------------+


+--------------------------------------------------------------------------------------------------------------+
; Source assignments for picture:my_pic|ROM:rom|altsyncram:altsyncram_component|altsyncram_g1i1:auto_generated ;
+---------------------------------+--------------------+------+------------------------------------------------+
; Assignment                      ; Value              ; From ; To                                             ;
+---------------------------------+--------------------+------+------------------------------------------------+
; OPTIMIZE_POWER_DURING_SYNTHESIS ; NORMAL_COMPILATION ; -    ; -                                              ;
+---------------------------------+--------------------+------+------------------------------------------------+


+-------------------------------------------------------------------------+
; Parameter Settings for User Entity Instance: picture:my_pic|clkgen:clk_ ;
+----------------+----------+---------------------------------------------+
; Parameter Name ; Value    ; Type                                        ;
+----------------+----------+---------------------------------------------+
; clk_freq       ; 25000000 ; Signed Integer                              ;
; countlimit     ; 1        ; Signed Integer                              ;
+----------------+----------+---------------------------------------------+
Note: In order to hide this table in the UI and the text report file, please set the "Show Parameter Settings in Synthesis Report" option in "Analysis and Synthesis Settings -> More Settings" to "Off".


+---------------------------------------------------------------------------+
; Parameter Settings for User Entity Instance: picture:my_pic|vga_ctrl:ctrl ;
+----------------+-------+--------------------------------------------------+
; Parameter Name ; Value ; Type                                             ;
+----------------+-------+--------------------------------------------------+
; h_frontporch   ; 96    ; Signed Integer                                   ;
; h_active       ; 144   ; Signed Integer                                   ;
; h_backporch    ; 784   ; Signed Integer                                   ;
; h_total        ; 800   ; Signed Integer                                   ;
; v_frontporch   ; 2     ; Signed Integer                                   ;
; v_active       ; 35    ; Signed Integer                                   ;
; v_backporch    ; 515   ; Signed Integer                                   ;
; v_total        ; 525   ; Signed Integer                                   ;
+----------------+-------+--------------------------------------------------+
Note: In order to hide this table in the UI and the text report file, please set the "Show Parameter Settings in Synthesis Report" option in "Analysis and Synthesis Settings -> More Settings" to "Off".


+-----------------------------------------------------------------------------------------------------+
; Parameter Settings for User Entity Instance: picture:my_pic|ROM:rom|altsyncram:altsyncram_component ;
+------------------------------------+----------------------+-----------------------------------------+
; Parameter Name                     ; Value                ; Type                                    ;
+------------------------------------+----------------------+-----------------------------------------+
; BYTE_SIZE_BLOCK                    ; 8                    ; Untyped                                 ;
; AUTO_CARRY_CHAINS                  ; ON                   ; AUTO_CARRY                              ;
; IGNORE_CARRY_BUFFERS               ; OFF                  ; IGNORE_CARRY                            ;
; AUTO_CASCADE_CHAINS                ; ON                   ; AUTO_CASCADE                            ;
; IGNORE_CASCADE_BUFFERS             ; OFF                  ; IGNORE_CASCADE                          ;
; WIDTH_BYTEENA                      ; 1                    ; Untyped                                 ;
; OPERATION_MODE                     ; ROM                  ; Untyped                                 ;
; WIDTH_A                            ; 12                   ; Signed Integer                          ;
; WIDTHAD_A                          ; 19                   ; Signed Integer                          ;
; NUMWORDS_A                         ; 327680               ; Signed Integer                          ;
; OUTDATA_REG_A                      ; CLOCK0               ; Untyped                                 ;
; ADDRESS_ACLR_A                     ; NONE                 ; Untyped                                 ;
; OUTDATA_ACLR_A                     ; NONE                 ; Untyped                                 ;
; WRCONTROL_ACLR_A                   ; NONE                 ; Untyped                                 ;
; INDATA_ACLR_A                      ; NONE                 ; Untyped                                 ;
; BYTEENA_ACLR_A                     ; NONE                 ; Untyped                                 ;
; WIDTH_B                            ; 1                    ; Untyped                                 ;
; WIDTHAD_B                          ; 1                    ; Untyped                                 ;
; NUMWORDS_B                         ; 1                    ; Untyped                                 ;
; INDATA_REG_B                       ; CLOCK1               ; Untyped                                 ;
; WRCONTROL_WRADDRESS_REG_B          ; CLOCK1               ; Untyped                                 ;
; RDCONTROL_REG_B                    ; CLOCK1               ; Untyped                                 ;
; ADDRESS_REG_B                      ; CLOCK1               ; Untyped                                 ;
; OUTDATA_REG_B                      ; UNREGISTERED         ; Untyped                                 ;
; BYTEENA_REG_B                      ; CLOCK1               ; Untyped                                 ;
; INDATA_ACLR_B                      ; NONE                 ; Untyped                                 ;
; WRCONTROL_ACLR_B                   ; NONE                 ; Untyped                                 ;
; ADDRESS_ACLR_B                     ; NONE                 ; Untyped                                 ;
; OUTDATA_ACLR_B                     ; NONE                 ; Untyped                                 ;
; RDCONTROL_ACLR_B                   ; NONE                 ; Untyped                                 ;
; BYTEENA_ACLR_B                     ; NONE                 ; Untyped                                 ;
; WIDTH_BYTEENA_A                    ; 1                    ; Signed Integer                          ;
; WIDTH_BYTEENA_B                    ; 1                    ; Untyped                                 ;
; RAM_BLOCK_TYPE                     ; M10K                 ; Untyped                                 ;
; BYTE_SIZE                          ; 8                    ; Untyped                                 ;
; READ_DURING_WRITE_MODE_MIXED_PORTS ; DONT_CARE            ; Untyped                                 ;
; READ_DURING_WRITE_MODE_PORT_A      ; NEW_DATA_NO_NBE_READ ; Untyped                                 ;
; READ_DURING_WRITE_MODE_PORT_B      ; NEW_DATA_NO_NBE_READ ; Untyped                                 ;
; INIT_FILE                          ; my_picture.mif       ; Untyped                                 ;
; INIT_FILE_LAYOUT                   ; PORT_A               ; Untyped                                 ;
; MAXIMUM_DEPTH                      ; 0                    ; Untyped                                 ;
; CLOCK_ENABLE_INPUT_A               ; BYPASS               ; Untyped                                 ;
; CLOCK_ENABLE_INPUT_B               ; NORMAL               ; Untyped                                 ;
; CLOCK_ENABLE_OUTPUT_A              ; BYPASS               ; Untyped                                 ;
; CLOCK_ENABLE_OUTPUT_B              ; NORMAL               ; Untyped                                 ;
; CLOCK_ENABLE_CORE_A                ; USE_INPUT_CLKEN      ; Untyped                                 ;
; CLOCK_ENABLE_CORE_B                ; USE_INPUT_CLKEN      ; Untyped                                 ;
; ENABLE_ECC                         ; FALSE                ; Untyped                                 ;
; ECC_PIPELINE_STAGE_ENABLED         ; FALSE                ; Untyped                                 ;
; WIDTH_ECCSTATUS                    ; 3                    ; Untyped                                 ;
; DEVICE_FAMILY                      ; Cyclone V            ; Untyped                                 ;
; CBXI_PARAMETER                     ; altsyncram_g1i1      ; Untyped                                 ;
+------------------------------------+----------------------+-----------------------------------------+
Note: In order to hide this table in the UI and the text report file, please set the "Show Parameter Settings in Synthesis Report" option in "Analysis and Synthesis Settings -> More Settings" to "Off".


+----------------------------------------------------------------------------------------------------+
; altsyncram Parameter Settings by Entity Instance                                                   ;
+-------------------------------------------+--------------------------------------------------------+
; Name                                      ; Value                                                  ;
+-------------------------------------------+--------------------------------------------------------+
; Number of entity instances                ; 1                                                      ;
; Entity Instance                           ; picture:my_pic|ROM:rom|altsyncram:altsyncram_component ;
;     -- OPERATION_MODE                     ; ROM                                                    ;
;     -- WIDTH_A                            ; 12                                                     ;
;     -- NUMWORDS_A                         ; 327680                                                 ;
;     -- OUTDATA_REG_A                      ; CLOCK0                                                 ;
;     -- WIDTH_B                            ; 1                                                      ;
;     -- NUMWORDS_B                         ; 1                                                      ;
;     -- ADDRESS_REG_B                      ; CLOCK1                                                 ;
;     -- OUTDATA_REG_B                      ; UNREGISTERED                                           ;
;     -- RAM_BLOCK_TYPE                     ; M10K                                                   ;
;     -- READ_DURING_WRITE_MODE_MIXED_PORTS ; DONT_CARE                                              ;
+-------------------------------------------+--------------------------------------------------------+


+---------------------------------------------------------------------------------------------------------------------+
; Port Connectivity Checks: "picture:my_pic|vga_ctrl:ctrl"                                                            ;
+-----------+--------+----------+-------------------------------------------------------------------------------------+
; Port      ; Type   ; Severity ; Details                                                                             ;
+-----------+--------+----------+-------------------------------------------------------------------------------------+
; reset     ; Input  ; Info     ; Stuck at GND                                                                        ;
; v_addr[9] ; Output ; Info     ; Connected to dangling logic. Logic that only feeds a dangling port will be removed. ;
+-----------+--------+----------+-------------------------------------------------------------------------------------+


+--------------------------------------------------------+
; Port Connectivity Checks: "picture:my_pic|clkgen:clk_" ;
+-------+-------+----------+-----------------------------+
; Port  ; Type  ; Severity ; Details                     ;
+-------+-------+----------+-----------------------------+
; rst   ; Input ; Info     ; Stuck at GND                ;
; clken ; Input ; Info     ; Stuck at VCC                ;
+-------+-------+----------+-----------------------------+


+--------------------------------------------+
; Port Connectivity Checks: "picture:my_pic" ;
+-------+-------+----------+-----------------+
; Port  ; Type  ; Severity ; Details         ;
+-------+-------+----------+-----------------+
; reset ; Input ; Info     ; Stuck at GND    ;
; clken ; Input ; Info     ; Stuck at VCC    ;
+-------+-------+----------+-----------------+


+-----------------------------------------------------+
; Post-Synthesis Netlist Statistics for Top Partition ;
+-----------------------+-----------------------------+
; Type                  ; Count                       ;
+-----------------------+-----------------------------+
; arriav_ff             ; 96                          ;
;     ENA SCLR          ; 9                           ;
;     SCLR              ; 51                          ;
;     plain             ; 36                          ;
; arriav_lcell_comb     ; 309                         ;
;     arith             ; 69                          ;
;         1 data inputs ; 69                          ;
;     normal            ; 240                         ;
;         0 data inputs ; 1                           ;
;         1 data inputs ; 1                           ;
;         2 data inputs ; 3                           ;
;         3 data inputs ; 6                           ;
;         4 data inputs ; 13                          ;
;         5 data inputs ; 19                          ;
;         6 data inputs ; 197                         ;
; boundary_port         ; 33                          ;
; stratixv_ram_block    ; 480                         ;
;                       ;                             ;
; Max LUT depth         ; 6.60                        ;
; Average LUT depth     ; 2.98                        ;
+-----------------------+-----------------------------+


+-------------------------------+
; Elapsed Time Per Partition    ;
+----------------+--------------+
; Partition Name ; Elapsed Time ;
+----------------+--------------+
; Top            ; 00:00:00     ;
+----------------+--------------+


+-------------------------------+
; Analysis & Synthesis Messages ;
+-------------------------------+
Info: *******************************************************************
Info: Running Quartus Prime Analysis & Synthesis
    Info: Version 17.1.0 Build 590 10/25/2017 SJ Lite Edition
    Info: Processing started: Tue Nov 26 20:00:14 2019
Info: Command: quartus_map --read_settings_files=on --write_settings_files=off ep9_2 -c ep9_2
Warning (18236): Number of processors has not been specified which may cause overloading on shared machines.  Set the global assignment NUM_PARALLEL_PROCESSORS in your QSF to an appropriate value for best performance.
Info (20030): Parallel compilation is enabled and will use 6 of the 6 processors detected
Info (12021): Found 1 design units, including 1 entities, in source file picture.v
    Info (12023): Found entity 1: picture File: F:/FPGA Project/ep9/ep9_2/picture.v Line: 1
Info (12021): Found 1 design units, including 1 entities, in source file rom.v
    Info (12023): Found entity 1: ROM File: F:/FPGA Project/ep9/ep9_2/ROM.v Line: 39
Warning (12125): Using design file ep9_2.v, which is not specified as a design file for the current project, but contains definitions for 1 design units and 1 entities in project
    Info (12023): Found entity 1: ep9_2 File: F:/FPGA Project/ep9/ep9_2/ep9_2.v Line: 6
Info (12127): Elaborating entity "ep9_2" for the top level hierarchy
Info (12128): Elaborating entity "picture" for hierarchy "picture:my_pic" File: F:/FPGA Project/ep9/ep9_2/ep9_2.v Line: 33
Warning (12125): Using design file clkgen.v, which is not specified as a design file for the current project, but contains definitions for 1 design units and 1 entities in project
    Info (12023): Found entity 1: clkgen File: F:/FPGA Project/ep9/ep9_2/clkgen.v Line: 1
Info (12128): Elaborating entity "clkgen" for hierarchy "picture:my_pic|clkgen:clk_" File: F:/FPGA Project/ep9/ep9_2/picture.v Line: 11
Warning (12125): Using design file vga_ctrl.v, which is not specified as a design file for the current project, but contains definitions for 1 design units and 1 entities in project
    Info (12023): Found entity 1: vga_ctrl File: F:/FPGA Project/ep9/ep9_2/vga_ctrl.v Line: 1
Info (12128): Elaborating entity "vga_ctrl" for hierarchy "picture:my_pic|vga_ctrl:ctrl" File: F:/FPGA Project/ep9/ep9_2/picture.v Line: 12
Info (12128): Elaborating entity "ROM" for hierarchy "picture:my_pic|ROM:rom" File: F:/FPGA Project/ep9/ep9_2/picture.v Line: 13
Info (12128): Elaborating entity "altsyncram" for hierarchy "picture:my_pic|ROM:rom|altsyncram:altsyncram_component" File: F:/FPGA Project/ep9/ep9_2/ROM.v Line: 81
Info (12130): Elaborated megafunction instantiation "picture:my_pic|ROM:rom|altsyncram:altsyncram_component" File: F:/FPGA Project/ep9/ep9_2/ROM.v Line: 81
Info (12133): Instantiated megafunction "picture:my_pic|ROM:rom|altsyncram:altsyncram_component" with the following parameter: File: F:/FPGA Project/ep9/ep9_2/ROM.v Line: 81
    Info (12134): Parameter "address_aclr_a" = "NONE"
    Info (12134): Parameter "clock_enable_input_a" = "BYPASS"
    Info (12134): Parameter "clock_enable_output_a" = "BYPASS"
    Info (12134): Parameter "init_file" = "my_picture.mif"
    Info (12134): Parameter "intended_device_family" = "Cyclone V"
    Info (12134): Parameter "lpm_hint" = "ENABLE_RUNTIME_MOD=NO"
    Info (12134): Parameter "lpm_type" = "altsyncram"
    Info (12134): Parameter "numwords_a" = "327680"
    Info (12134): Parameter "operation_mode" = "ROM"
    Info (12134): Parameter "outdata_aclr_a" = "NONE"
    Info (12134): Parameter "outdata_reg_a" = "CLOCK0"
    Info (12134): Parameter "ram_block_type" = "M10K"
    Info (12134): Parameter "widthad_a" = "19"
    Info (12134): Parameter "width_a" = "12"
    Info (12134): Parameter "width_byteena_a" = "1"
Info (12021): Found 1 design units, including 1 entities, in source file db/altsyncram_g1i1.tdf
    Info (12023): Found entity 1: altsyncram_g1i1 File: F:/FPGA Project/ep9/ep9_2/db/altsyncram_g1i1.tdf Line: 31
Info (12128): Elaborating entity "altsyncram_g1i1" for hierarchy "picture:my_pic|ROM:rom|altsyncram:altsyncram_component|altsyncram_g1i1:auto_generated" File: f:/intelfpga_lite/quartus/libraries/megafunctions/altsyncram.tdf Line: 791
Info (12021): Found 1 design units, including 1 entities, in source file db/decode_l2a.tdf
    Info (12023): Found entity 1: decode_l2a File: F:/FPGA Project/ep9/ep9_2/db/decode_l2a.tdf Line: 22
Info (12128): Elaborating entity "decode_l2a" for hierarchy "picture:my_pic|ROM:rom|altsyncram:altsyncram_component|altsyncram_g1i1:auto_generated|decode_l2a:rden_decode" File: F:/FPGA Project/ep9/ep9_2/db/altsyncram_g1i1.tdf Line: 40
Info (12021): Found 1 design units, including 1 entities, in source file db/mux_nib.tdf
    Info (12023): Found entity 1: mux_nib File: F:/FPGA Project/ep9/ep9_2/db/mux_nib.tdf Line: 22
Info (12128): Elaborating entity "mux_nib" for hierarchy "picture:my_pic|ROM:rom|altsyncram:altsyncram_component|altsyncram_g1i1:auto_generated|mux_nib:mux2" File: F:/FPGA Project/ep9/ep9_2/db/altsyncram_g1i1.tdf Line: 41
Warning (13024): Output pins are stuck at VCC or GND
    Warning (13410): Pin "VGA_B[0]" is stuck at GND File: F:/FPGA Project/ep9/ep9_2/ep9_2.v Line: 16
    Warning (13410): Pin "VGA_B[1]" is stuck at GND File: F:/FPGA Project/ep9/ep9_2/ep9_2.v Line: 16
    Warning (13410): Pin "VGA_B[2]" is stuck at GND File: F:/FPGA Project/ep9/ep9_2/ep9_2.v Line: 16
    Warning (13410): Pin "VGA_B[3]" is stuck at GND File: F:/FPGA Project/ep9/ep9_2/ep9_2.v Line: 16
    Warning (13410): Pin "VGA_G[0]" is stuck at GND File: F:/FPGA Project/ep9/ep9_2/ep9_2.v Line: 18
    Warning (13410): Pin "VGA_G[1]" is stuck at GND File: F:/FPGA Project/ep9/ep9_2/ep9_2.v Line: 18
    Warning (13410): Pin "VGA_G[2]" is stuck at GND File: F:/FPGA Project/ep9/ep9_2/ep9_2.v Line: 18
    Warning (13410): Pin "VGA_G[3]" is stuck at GND File: F:/FPGA Project/ep9/ep9_2/ep9_2.v Line: 18
    Warning (13410): Pin "VGA_R[0]" is stuck at GND File: F:/FPGA Project/ep9/ep9_2/ep9_2.v Line: 20
    Warning (13410): Pin "VGA_R[1]" is stuck at GND File: F:/FPGA Project/ep9/ep9_2/ep9_2.v Line: 20
    Warning (13410): Pin "VGA_R[2]" is stuck at GND File: F:/FPGA Project/ep9/ep9_2/ep9_2.v Line: 20
    Warning (13410): Pin "VGA_R[3]" is stuck at GND File: F:/FPGA Project/ep9/ep9_2/ep9_2.v Line: 20
    Warning (13410): Pin "VGA_SYNC_N" is stuck at GND File: F:/FPGA Project/ep9/ep9_2/ep9_2.v Line: 21
Info (286030): Timing-Driven Synthesis is running
Info (16010): Generating hard_block partition "hard_block:auto_generated_inst"
    Info (16011): Adding 0 node(s), including 0 DDIO, 0 PLL, 0 transceiver and 0 LCELL
Warning (21074): Design contains 3 input pin(s) that do not drive logic
    Warning (15610): No output dependent on input pin "CLOCK2_50" File: F:/FPGA Project/ep9/ep9_2/ep9_2.v Line: 9
    Warning (15610): No output dependent on input pin "CLOCK3_50" File: F:/FPGA Project/ep9/ep9_2/ep9_2.v Line: 10
    Warning (15610): No output dependent on input pin "CLOCK4_50" File: F:/FPGA Project/ep9/ep9_2/ep9_2.v Line: 11
Info (21057): Implemented 866 device resources after synthesis - the final resource count might be different
    Info (21058): Implemented 4 input pins
    Info (21059): Implemented 29 output pins
    Info (21061): Implemented 353 logic cells
    Info (21064): Implemented 480 RAM segments
Info: Quartus Prime Analysis & Synthesis was successful. 0 errors, 22 warnings
    Info: Peak virtual memory: 4884 megabytes
    Info: Processing ended: Tue Nov 26 20:00:25 2019
    Info: Elapsed time: 00:00:11
    Info: Total CPU time (on all processors): 00:00:21


