Analysis & Synthesis report for ep8_1
Sun Oct 20 20:02:45 2019
Quartus Prime Version 17.1.0 Build 590 10/25/2017 SJ Lite Edition


---------------------
; Table of Contents ;
---------------------
  1. Legal Notice
  2. Analysis & Synthesis Summary
  3. Analysis & Synthesis Settings
  4. Parallel Compilation
  5. Analysis & Synthesis Source Files Read
  6. Analysis & Synthesis Resource Usage Summary
  7. Analysis & Synthesis Resource Utilization by Entity
  8. General Register Statistics
  9. Parameter Settings for User Entity Instance: FSM_bin:FSM
 10. Post-Synthesis Netlist Statistics for Top Partition
 11. Elapsed Time Per Partition
 12. Analysis & Synthesis Messages



----------------
; Legal Notice ;
----------------
Copyright (C) 2017  Intel Corporation. All rights reserved.
Your use of Intel Corporation's design tools, logic functions 
and other software and tools, and its AMPP partner logic 
functions, and any output files from any of the foregoing 
(including device programming or simulation files), and any 
associated documentation or information are expressly subject 
to the terms and conditions of the Intel Program License 
Subscription Agreement, the Intel Quartus Prime License Agreement,
the Intel FPGA IP License Agreement, or other applicable license
agreement, including, without limitation, that your use is for
the sole purpose of programming logic devices manufactured by
Intel and sold by Intel or its authorized distributors.  Please
refer to the applicable agreement for further details.



+-------------------------------------------------------------------------------+
; Analysis & Synthesis Summary                                                  ;
+---------------------------------+---------------------------------------------+
; Analysis & Synthesis Status     ; Successful - Sun Oct 20 20:02:45 2019       ;
; Quartus Prime Version           ; 17.1.0 Build 590 10/25/2017 SJ Lite Edition ;
; Revision Name                   ; ep8_1                                       ;
; Top-level Entity Name           ; ep8_1                                       ;
; Family                          ; Cyclone V                                   ;
; Logic utilization (in ALMs)     ; N/A                                         ;
; Total registers                 ; 4                                           ;
; Total pins                      ; 24                                          ;
; Total virtual pins              ; 0                                           ;
; Total block memory bits         ; 0                                           ;
; Total DSP Blocks                ; 0                                           ;
; Total HSSI RX PCSs              ; 0                                           ;
; Total HSSI PMA RX Deserializers ; 0                                           ;
; Total HSSI TX PCSs              ; 0                                           ;
; Total HSSI PMA TX Serializers   ; 0                                           ;
; Total PLLs                      ; 0                                           ;
; Total DLLs                      ; 0                                           ;
+---------------------------------+---------------------------------------------+


+---------------------------------------------------------------------------------------------------------------------------+
; Analysis & Synthesis Settings                                                                                             ;
+---------------------------------------------------------------------------------+--------------------+--------------------+
; Option                                                                          ; Setting            ; Default Value      ;
+---------------------------------------------------------------------------------+--------------------+--------------------+
; Device                                                                          ; 5CSXFC6D6F31C6     ;                    ;
; Top-level entity name                                                           ; ep8_1              ; ep8_1              ;
; Family name                                                                     ; Cyclone V          ; Cyclone V          ;
; Use smart compilation                                                           ; Off                ; Off                ;
; Enable parallel Assembler and TimeQuest Timing Analyzer during compilation      ; On                 ; On                 ;
; Enable compact report table                                                     ; Off                ; Off                ;
; Restructure Multiplexers                                                        ; Auto               ; Auto               ;
; MLAB Add Timing Constraints For Mixed-Port Feed-Through Mode Setting Don't Care ; Off                ; Off                ;
; Create Debugging Nodes for IP Cores                                             ; Off                ; Off                ;
; Preserve fewer node names                                                       ; On                 ; On                 ;
; Intel FPGA IP Evaluation Mode                                                   ; Enable             ; Enable             ;
; Verilog Version                                                                 ; Verilog_2001       ; Verilog_2001       ;
; VHDL Version                                                                    ; VHDL_1993          ; VHDL_1993          ;
; State Machine Processing                                                        ; Auto               ; Auto               ;
; Safe State Machine                                                              ; Off                ; Off                ;
; Extract Verilog State Machines                                                  ; On                 ; On                 ;
; Extract VHDL State Machines                                                     ; On                 ; On                 ;
; Ignore Verilog initial constructs                                               ; Off                ; Off                ;
; Iteration limit for constant Verilog loops                                      ; 5000               ; 5000               ;
; Iteration limit for non-constant Verilog loops                                  ; 250                ; 250                ;
; Add Pass-Through Logic to Inferred RAMs                                         ; On                 ; On                 ;
; Infer RAMs from Raw Logic                                                       ; On                 ; On                 ;
; Parallel Synthesis                                                              ; On                 ; On                 ;
; DSP Block Balancing                                                             ; Auto               ; Auto               ;
; NOT Gate Push-Back                                                              ; On                 ; On                 ;
; Power-Up Don't Care                                                             ; On                 ; On                 ;
; Remove Redundant Logic Cells                                                    ; Off                ; Off                ;
; Remove Duplicate Registers                                                      ; On                 ; On                 ;
; Ignore CARRY Buffers                                                            ; Off                ; Off                ;
; Ignore CASCADE Buffers                                                          ; Off                ; Off                ;
; Ignore GLOBAL Buffers                                                           ; Off                ; Off                ;
; Ignore ROW GLOBAL Buffers                                                       ; Off                ; Off                ;
; Ignore LCELL Buffers                                                            ; Off                ; Off                ;
; Ignore SOFT Buffers                                                             ; On                 ; On                 ;
; Limit AHDL Integers to 32 Bits                                                  ; Off                ; Off                ;
; Optimization Technique                                                          ; Balanced           ; Balanced           ;
; Carry Chain Length                                                              ; 70                 ; 70                 ;
; Auto Carry Chains                                                               ; On                 ; On                 ;
; Auto Open-Drain Pins                                                            ; On                 ; On                 ;
; Perform WYSIWYG Primitive Resynthesis                                           ; Off                ; Off                ;
; Auto ROM Replacement                                                            ; On                 ; On                 ;
; Auto RAM Replacement                                                            ; On                 ; On                 ;
; Auto DSP Block Replacement                                                      ; On                 ; On                 ;
; Auto Shift Register Replacement                                                 ; Auto               ; Auto               ;
; Allow Shift Register Merging across Hierarchies                                 ; Auto               ; Auto               ;
; Auto Clock Enable Replacement                                                   ; On                 ; On                 ;
; Strict RAM Replacement                                                          ; Off                ; Off                ;
; Allow Synchronous Control Signals                                               ; On                 ; On                 ;
; Force Use of Synchronous Clear Signals                                          ; Off                ; Off                ;
; Auto Resource Sharing                                                           ; Off                ; Off                ;
; Allow Any RAM Size For Recognition                                              ; Off                ; Off                ;
; Allow Any ROM Size For Recognition                                              ; Off                ; Off                ;
; Allow Any Shift Register Size For Recognition                                   ; Off                ; Off                ;
; Use LogicLock Constraints during Resource Balancing                             ; On                 ; On                 ;
; Ignore translate_off and synthesis_off directives                               ; Off                ; Off                ;
; Timing-Driven Synthesis                                                         ; On                 ; On                 ;
; Report Parameter Settings                                                       ; On                 ; On                 ;
; Report Source Assignments                                                       ; On                 ; On                 ;
; Report Connectivity Checks                                                      ; On                 ; On                 ;
; Ignore Maximum Fan-Out Assignments                                              ; Off                ; Off                ;
; Synchronization Register Chain Length                                           ; 3                  ; 3                  ;
; Power Optimization During Synthesis                                             ; Normal compilation ; Normal compilation ;
; HDL message level                                                               ; Level2             ; Level2             ;
; Suppress Register Optimization Related Messages                                 ; Off                ; Off                ;
; Number of Removed Registers Reported in Synthesis Report                        ; 5000               ; 5000               ;
; Number of Swept Nodes Reported in Synthesis Report                              ; 5000               ; 5000               ;
; Number of Inverted Registers Reported in Synthesis Report                       ; 100                ; 100                ;
; Clock MUX Protection                                                            ; On                 ; On                 ;
; Auto Gated Clock Conversion                                                     ; Off                ; Off                ;
; Block Design Naming                                                             ; Auto               ; Auto               ;
; SDC constraint protection                                                       ; Off                ; Off                ;
; Synthesis Effort                                                                ; Auto               ; Auto               ;
; Shift Register Replacement - Allow Asynchronous Clear Signal                    ; On                 ; On                 ;
; Pre-Mapping Resynthesis Optimization                                            ; Off                ; Off                ;
; Analysis & Synthesis Message Level                                              ; Medium             ; Medium             ;
; Disable Register Merging Across Hierarchies                                     ; Auto               ; Auto               ;
; Resource Aware Inference For Block RAM                                          ; On                 ; On                 ;
; Automatic Parallel Synthesis                                                    ; On                 ; On                 ;
; Partial Reconfiguration Bitstream ID                                            ; Off                ; Off                ;
+---------------------------------------------------------------------------------+--------------------+--------------------+


+------------------------------------------+
; Parallel Compilation                     ;
+----------------------------+-------------+
; Processors                 ; Number      ;
+----------------------------+-------------+
; Number detected on machine ; 12          ;
; Maximum allowed            ; 6           ;
;                            ;             ;
; Average used               ; 1.00        ;
; Maximum used               ; 6           ;
;                            ;             ;
; Usage by Processor         ; % Time Used ;
;     Processor 1            ; 100.0%      ;
;     Processors 2-6         ;   0.0%      ;
+----------------------------+-------------+


+-----------------------------------------------------------------------------------------------------------------------------------+
; Analysis & Synthesis Source Files Read                                                                                            ;
+----------------------------------+-----------------+------------------------------+-------------------------------------+---------+
; File Name with User-Entered Path ; Used in Netlist ; File Type                    ; File Name with Absolute Path        ; Library ;
+----------------------------------+-----------------+------------------------------+-------------------------------------+---------+
; FSM_bin.v                        ; yes             ; User Verilog HDL File        ; F:/FPGA Project/ep8/ep8_1/FSM_bin.v ;         ;
; ep8_1.v                          ; yes             ; Auto-Found Verilog HDL File  ; F:/FPGA Project/ep8/ep8_1/ep8_1.v   ;         ;
+----------------------------------+-----------------+------------------------------+-------------------------------------+---------+


+--------------------------------------------------------------------+
; Analysis & Synthesis Resource Usage Summary                        ;
+---------------------------------------------+----------------------+
; Resource                                    ; Usage                ;
+---------------------------------------------+----------------------+
; Estimate of Logic utilization (ALMs needed) ; 5                    ;
;                                             ;                      ;
; Combinational ALUT usage for logic          ; 5                    ;
;     -- 7 input functions                    ; 0                    ;
;     -- 6 input functions                    ; 4                    ;
;     -- 5 input functions                    ; 0                    ;
;     -- 4 input functions                    ; 1                    ;
;     -- <=3 input functions                  ; 0                    ;
;                                             ;                      ;
; Dedicated logic registers                   ; 4                    ;
;                                             ;                      ;
; I/O pins                                    ; 24                   ;
;                                             ;                      ;
; Total DSP Blocks                            ; 0                    ;
;                                             ;                      ;
; Maximum fan-out node                        ; FSM_bin:FSM|state[3] ;
; Maximum fan-out                             ; 6                    ;
; Total fan-out                               ; 65                   ;
; Average fan-out                             ; 1.14                 ;
+---------------------------------------------+----------------------+


+----------------------------------------------------------------------------------------------------------------------------------------------------------------------------------------+
; Analysis & Synthesis Resource Utilization by Entity                                                                                                                                    ;
+----------------------------+---------------------+---------------------------+-------------------+------------+------+--------------+---------------------+-------------+--------------+
; Compilation Hierarchy Node ; Combinational ALUTs ; Dedicated Logic Registers ; Block Memory Bits ; DSP Blocks ; Pins ; Virtual Pins ; Full Hierarchy Name ; Entity Name ; Library Name ;
+----------------------------+---------------------+---------------------------+-------------------+------------+------+--------------+---------------------+-------------+--------------+
; |ep8_1                     ; 5 (0)               ; 4 (0)                     ; 0                 ; 0          ; 24   ; 0            ; |ep8_1              ; ep8_1       ; work         ;
;    |FSM_bin:FSM|           ; 5 (5)               ; 4 (4)                     ; 0                 ; 0          ; 0    ; 0            ; |ep8_1|FSM_bin:FSM  ; FSM_bin     ; work         ;
+----------------------------+---------------------+---------------------------+-------------------+------------+------+--------------+---------------------+-------------+--------------+
Note: For table entries with two numbers listed, the numbers in parentheses indicate the number of resources of the given type used by the specific entity alone. The numbers listed outside of parentheses indicate the total resources of the given type used by the specific entity and all of its sub-entities in the hierarchy.


+------------------------------------------------------+
; General Register Statistics                          ;
+----------------------------------------------+-------+
; Statistic                                    ; Value ;
+----------------------------------------------+-------+
; Total registers                              ; 4     ;
; Number of registers using Synchronous Clear  ; 0     ;
; Number of registers using Synchronous Load   ; 0     ;
; Number of registers using Asynchronous Clear ; 0     ;
; Number of registers using Asynchronous Load  ; 0     ;
; Number of registers using Clock Enable       ; 0     ;
; Number of registers using Preset             ; 0     ;
+----------------------------------------------+-------+


+----------------------------------------------------------+
; Parameter Settings for User Entity Instance: FSM_bin:FSM ;
+----------------+-------+---------------------------------+
; Parameter Name ; Value ; Type                            ;
+----------------+-------+---------------------------------+
; S0             ; 0     ; Signed Integer                  ;
; S1             ; 1     ; Signed Integer                  ;
; S2             ; 2     ; Signed Integer                  ;
; S3             ; 3     ; Signed Integer                  ;
; S4             ; 4     ; Signed Integer                  ;
; S5             ; 5     ; Signed Integer                  ;
; S6             ; 6     ; Signed Integer                  ;
; S7             ; 7     ; Signed Integer                  ;
; S8             ; 8     ; Signed Integer                  ;
+----------------+-------+---------------------------------+
Note: In order to hide this table in the UI and the text report file, please set the "Show Parameter Settings in Synthesis Report" option in "Analysis and Synthesis Settings -> More Settings" to "Off".


+-----------------------------------------------------+
; Post-Synthesis Netlist Statistics for Top Partition ;
+-----------------------+-----------------------------+
; Type                  ; Count                       ;
+-----------------------+-----------------------------+
; arriav_ff             ; 4                           ;
;     plain             ; 4                           ;
; arriav_lcell_comb     ; 7                           ;
;     normal            ; 7                           ;
;         0 data inputs ; 1                           ;
;         1 data inputs ; 1                           ;
;         4 data inputs ; 1                           ;
;         6 data inputs ; 4                           ;
; boundary_port         ; 24                          ;
;                       ;                             ;
; Max LUT depth         ; 2.00                        ;
; Average LUT depth     ; 1.29                        ;
+-----------------------+-----------------------------+


+-------------------------------+
; Elapsed Time Per Partition    ;
+----------------+--------------+
; Partition Name ; Elapsed Time ;
+----------------+--------------+
; Top            ; 00:00:00     ;
+----------------+--------------+


+-------------------------------+
; Analysis & Synthesis Messages ;
+-------------------------------+
Info: *******************************************************************
Info: Running Quartus Prime Analysis & Synthesis
    Info: Version 17.1.0 Build 590 10/25/2017 SJ Lite Edition
    Info: Processing started: Sun Oct 20 20:02:35 2019
Info: Command: quartus_map --read_settings_files=on --write_settings_files=off ep8_1 -c ep8_1
Warning (18236): Number of processors has not been specified which may cause overloading on shared machines.  Set the global assignment NUM_PARALLEL_PROCESSORS in your QSF to an appropriate value for best performance.
Info (20030): Parallel compilation is enabled and will use 6 of the 6 processors detected
Info (12021): Found 1 design units, including 1 entities, in source file fsm_bin.v
    Info (12023): Found entity 1: FSM_bin File: F:/FPGA Project/ep8/ep8_1/FSM_bin.v Line: 1
Warning (12125): Using design file ep8_1.v, which is not specified as a design file for the current project, but contains definitions for 1 design units and 1 entities in project
    Info (12023): Found entity 1: ep8_1 File: F:/FPGA Project/ep8/ep8_1/ep8_1.v Line: 6
Info (12127): Elaborating entity "ep8_1" for the top level hierarchy
Warning (10034): Output port "LEDR[9..8]" at ep8_1.v(16) has no driver File: F:/FPGA Project/ep8/ep8_1/ep8_1.v Line: 16
Warning (10034): Output port "LEDR[3..1]" at ep8_1.v(16) has no driver File: F:/FPGA Project/ep8/ep8_1/ep8_1.v Line: 16
Info (12128): Elaborating entity "FSM_bin" for hierarchy "FSM_bin:FSM" File: F:/FPGA Project/ep8/ep8_1/ep8_1.v Line: 25
Warning (10230): Verilog HDL assignment warning at FSM_bin.v(31): truncated value with size 32 to match size of target (4) File: F:/FPGA Project/ep8/ep8_1/FSM_bin.v Line: 31
Warning (10230): Verilog HDL assignment warning at FSM_bin.v(34): truncated value with size 32 to match size of target (4) File: F:/FPGA Project/ep8/ep8_1/FSM_bin.v Line: 34
Warning (10230): Verilog HDL assignment warning at FSM_bin.v(35): truncated value with size 32 to match size of target (4) File: F:/FPGA Project/ep8/ep8_1/FSM_bin.v Line: 35
Warning (10230): Verilog HDL assignment warning at FSM_bin.v(36): truncated value with size 32 to match size of target (4) File: F:/FPGA Project/ep8/ep8_1/FSM_bin.v Line: 36
Warning (10230): Verilog HDL assignment warning at FSM_bin.v(37): truncated value with size 32 to match size of target (4) File: F:/FPGA Project/ep8/ep8_1/FSM_bin.v Line: 37
Warning (10230): Verilog HDL assignment warning at FSM_bin.v(38): truncated value with size 32 to match size of target (4) File: F:/FPGA Project/ep8/ep8_1/FSM_bin.v Line: 38
Warning (10230): Verilog HDL assignment warning at FSM_bin.v(39): truncated value with size 32 to match size of target (4) File: F:/FPGA Project/ep8/ep8_1/FSM_bin.v Line: 39
Warning (10230): Verilog HDL assignment warning at FSM_bin.v(40): truncated value with size 32 to match size of target (4) File: F:/FPGA Project/ep8/ep8_1/FSM_bin.v Line: 40
Warning (10230): Verilog HDL assignment warning at FSM_bin.v(41): truncated value with size 32 to match size of target (4) File: F:/FPGA Project/ep8/ep8_1/FSM_bin.v Line: 41
Warning (10230): Verilog HDL assignment warning at FSM_bin.v(42): truncated value with size 32 to match size of target (4) File: F:/FPGA Project/ep8/ep8_1/FSM_bin.v Line: 42
Warning (13024): Output pins are stuck at VCC or GND
    Warning (13410): Pin "LEDR[1]" is stuck at GND File: F:/FPGA Project/ep8/ep8_1/ep8_1.v Line: 16
    Warning (13410): Pin "LEDR[2]" is stuck at GND File: F:/FPGA Project/ep8/ep8_1/ep8_1.v Line: 16
    Warning (13410): Pin "LEDR[3]" is stuck at GND File: F:/FPGA Project/ep8/ep8_1/ep8_1.v Line: 16
    Warning (13410): Pin "LEDR[8]" is stuck at GND File: F:/FPGA Project/ep8/ep8_1/ep8_1.v Line: 16
    Warning (13410): Pin "LEDR[9]" is stuck at GND File: F:/FPGA Project/ep8/ep8_1/ep8_1.v Line: 16
Info (286030): Timing-Driven Synthesis is running
Info (16010): Generating hard_block partition "hard_block:auto_generated_inst"
    Info (16011): Adding 0 node(s), including 0 DDIO, 0 PLL, 0 transceiver and 0 LCELL
Warning (21074): Design contains 11 input pin(s) that do not drive logic
    Warning (15610): No output dependent on input pin "KEY[1]" File: F:/FPGA Project/ep8/ep8_1/ep8_1.v Line: 9
    Warning (15610): No output dependent on input pin "KEY[2]" File: F:/FPGA Project/ep8/ep8_1/ep8_1.v Line: 9
    Warning (15610): No output dependent on input pin "KEY[3]" File: F:/FPGA Project/ep8/ep8_1/ep8_1.v Line: 9
    Warning (15610): No output dependent on input pin "SW[2]" File: F:/FPGA Project/ep8/ep8_1/ep8_1.v Line: 12
    Warning (15610): No output dependent on input pin "SW[3]" File: F:/FPGA Project/ep8/ep8_1/ep8_1.v Line: 12
    Warning (15610): No output dependent on input pin "SW[4]" File: F:/FPGA Project/ep8/ep8_1/ep8_1.v Line: 12
    Warning (15610): No output dependent on input pin "SW[5]" File: F:/FPGA Project/ep8/ep8_1/ep8_1.v Line: 12
    Warning (15610): No output dependent on input pin "SW[6]" File: F:/FPGA Project/ep8/ep8_1/ep8_1.v Line: 12
    Warning (15610): No output dependent on input pin "SW[7]" File: F:/FPGA Project/ep8/ep8_1/ep8_1.v Line: 12
    Warning (15610): No output dependent on input pin "SW[8]" File: F:/FPGA Project/ep8/ep8_1/ep8_1.v Line: 12
    Warning (15610): No output dependent on input pin "SW[9]" File: F:/FPGA Project/ep8/ep8_1/ep8_1.v Line: 12
Info (21057): Implemented 29 device resources after synthesis - the final resource count might be different
    Info (21058): Implemented 14 input pins
    Info (21059): Implemented 10 output pins
    Info (21061): Implemented 5 logic cells
Info: Quartus Prime Analysis & Synthesis was successful. 0 errors, 32 warnings
    Info: Peak virtual memory: 4852 megabytes
    Info: Processing ended: Sun Oct 20 20:02:45 2019
    Info: Elapsed time: 00:00:10
    Info: Total CPU time (on all processors): 00:00:19


