Flow report for kyboard
Mon Nov 19 21:23:37 2018
Quartus Prime Version 17.1.0 Build 590 10/25/2017 SJ Lite Edition


---------------------
; Table of Contents ;
---------------------
  1. Legal Notice
  2. Flow Summary
  3. Flow Settings
  4. Flow Non-Default Global Settings
  5. Flow Elapsed Time
  6. Flow OS Summary
  7. Flow Log
  8. Flow Messages
  9. Flow Suppressed Messages



----------------
; Legal Notice ;
----------------
Copyright (C) 2017  Intel Corporation. All rights reserved.
Your use of Intel Corporation's design tools, logic functions 
and other software and tools, and its AMPP partner logic 
functions, and any output files from any of the foregoing 
(including device programming or simulation files), and any 
associated documentation or information are expressly subject 
to the terms and conditions of the Intel Program License 
Subscription Agreement, the Intel Quartus Prime License Agreement,
the Intel FPGA IP License Agreement, or other applicable license
agreement, including, without limitation, that your use is for
the sole purpose of programming logic devices manufactured by
Intel and sold by Intel or its authorized distributors.  Please
refer to the applicable agreement for further details.



+-------------------------------------------------------------------------------+
; Flow Summary                                                                  ;
+---------------------------------+---------------------------------------------+
; Flow Status                     ; Successful - Mon Nov 19 21:23:37 2018       ;
; Quartus Prime Version           ; 17.1.0 Build 590 10/25/2017 SJ Lite Edition ;
; Revision Name                   ; kyboard                                     ;
; Top-level Entity Name           ; ps2_keyboard                                ;
; Family                          ; Cyclone V                                   ;
; Device                          ; 5CSXFC6D6F31C6                              ;
; Timing Models                   ; Final                                       ;
; Logic utilization (in ALMs)     ; 33 / 41,910 ( < 1 % )                       ;
; Total registers                 ; 40                                          ;
; Total pins                      ; 15 / 499 ( 3 % )                            ;
; Total virtual pins              ; 0                                           ;
; Total block memory bits         ; 64 / 5,662,720 ( < 1 % )                    ;
; Total DSP Blocks                ; 0 / 112 ( 0 % )                             ;
; Total HSSI RX PCSs              ; 0 / 9 ( 0 % )                               ;
; Total HSSI PMA RX Deserializers ; 0 / 9 ( 0 % )                               ;
; Total HSSI TX PCSs              ; 0 / 9 ( 0 % )                               ;
; Total HSSI PMA TX Serializers   ; 0 / 9 ( 0 % )                               ;
; Total PLLs                      ; 0 / 15 ( 0 % )                              ;
; Total DLLs                      ; 0 / 4 ( 0 % )                               ;
+---------------------------------+---------------------------------------------+


+-----------------------------------------+
; Flow Settings                           ;
+-------------------+---------------------+
; Option            ; Setting             ;
+-------------------+---------------------+
; Start date & time ; 11/19/2018 21:22:17 ;
; Main task         ; Compilation         ;
; Revision Name     ; kyboard             ;
+-------------------+---------------------+


+-------------------------------------------------------------------------------------------------------------------------------+
; Flow Non-Default Global Settings                                                                                              ;
+--------------------------------------+----------------------------------------+---------------+--------------+----------------+
; Assignment Name                      ; Value                                  ; Default Value ; Entity Name  ; Section Id     ;
+--------------------------------------+----------------------------------------+---------------+--------------+----------------+
; COMPILER_SIGNATURE_ID                ; 121380809964.154263373713948           ; --            ; --           ; --             ;
; EDA_DESIGN_INSTANCE_NAME             ; NA                                     ; --            ; --           ; ps2_keyboard   ;
; EDA_NATIVELINK_SIMULATION_TEST_BENCH ; ps2_keyboard                           ; --            ; --           ; eda_simulation ;
; EDA_OUTPUT_DATA_FORMAT               ; Verilog Hdl                            ; --            ; --           ; eda_simulation ;
; EDA_SIMULATION_TOOL                  ; ModelSim-Altera (Verilog)              ; <None>        ; --           ; --             ;
; EDA_TEST_BENCH_ENABLE_STATUS         ; TEST_BENCH_MODE                        ; --            ; --           ; eda_simulation ;
; EDA_TEST_BENCH_FILE                  ; simulation/modelsim/ps2_keyboard.vt    ; --            ; --           ; ps2_keyboard   ;
; EDA_TEST_BENCH_MODULE_NAME           ; ps2_keyboard_vlg_tst                   ; --            ; --           ; ps2_keyboard   ;
; EDA_TEST_BENCH_NAME                  ; ps2_keyboard                           ; --            ; --           ; eda_simulation ;
; EDA_TIME_SCALE                       ; 1 ps                                   ; --            ; --           ; eda_simulation ;
; MAX_CORE_JUNCTION_TEMP               ; 85                                     ; --            ; --           ; --             ;
; MIN_CORE_JUNCTION_TEMP               ; 0                                      ; --            ; --           ; --             ;
; MISC_FILE                            ; ROM_bb.v                               ; --            ; --           ; --             ;
; MISC_FILE                            ; ROMUP_bb.v                             ; --            ; --           ; --             ;
; PARTITION_COLOR                      ; -- (Not supported for targeted family) ; --            ; ps2_keyboard ; Top            ;
; PARTITION_FITTER_PRESERVATION_LEVEL  ; -- (Not supported for targeted family) ; --            ; ps2_keyboard ; Top            ;
; PARTITION_NETLIST_TYPE               ; -- (Not supported for targeted family) ; --            ; ps2_keyboard ; Top            ;
; POWER_BOARD_THERMAL_MODEL            ; None (CONSERVATIVE)                    ; --            ; --           ; --             ;
; POWER_PRESET_COOLING_SOLUTION        ; 23 MM HEAT SINK WITH 200 LFPM AIRFLOW  ; --            ; --           ; --             ;
; PROJECT_OUTPUT_DIRECTORY             ; output_files                           ; --            ; --           ; --             ;
; TOP_LEVEL_ENTITY                     ; ps2_keyboard                           ; kyboard       ; --           ; --             ;
+--------------------------------------+----------------------------------------+---------------+--------------+----------------+


+-------------------------------------------------------------------------------------------------------------------------------+
; Flow Elapsed Time                                                                                                             ;
+---------------------------+--------------+-------------------------+---------------------+------------------------------------+
; Module Name               ; Elapsed Time ; Average Processors Used ; Peak Virtual Memory ; Total CPU Time (on all processors) ;
+---------------------------+--------------+-------------------------+---------------------+------------------------------------+
; Analysis & Synthesis      ; 00:00:14     ; 1.0                     ; 4820 MB             ; 00:00:20                           ;
; Fitter                    ; 00:00:47     ; 1.0                     ; 6314 MB             ; 00:01:03                           ;
; Assembler                 ; 00:00:06     ; 1.0                     ; 4840 MB             ; 00:00:07                           ;
; TimeQuest Timing Analyzer ; 00:00:06     ; 1.0                     ; 5145 MB             ; 00:00:06                           ;
; EDA Netlist Writer        ; 00:00:02     ; 1.0                     ; 4748 MB             ; 00:00:02                           ;
; Total                     ; 00:01:15     ; --                      ; --                  ; 00:01:38                           ;
+---------------------------+--------------+-------------------------+---------------------+------------------------------------+


+-----------------------------------------------------------------------------------------+
; Flow OS Summary                                                                         ;
+---------------------------+------------------+------------+------------+----------------+
; Module Name               ; Machine Hostname ; OS Name    ; OS Version ; Processor type ;
+---------------------------+------------------+------------+------------+----------------+
; Analysis & Synthesis      ; TOMATOKINGC8DC   ; Windows 10 ; 10.0       ; x86_64         ;
; Fitter                    ; TOMATOKINGC8DC   ; Windows 10 ; 10.0       ; x86_64         ;
; Assembler                 ; TOMATOKINGC8DC   ; Windows 10 ; 10.0       ; x86_64         ;
; TimeQuest Timing Analyzer ; TOMATOKINGC8DC   ; Windows 10 ; 10.0       ; x86_64         ;
; EDA Netlist Writer        ; TOMATOKINGC8DC   ; Windows 10 ; 10.0       ; x86_64         ;
+---------------------------+------------------+------------+------------+----------------+


------------
; Flow Log ;
------------
quartus_map --read_settings_files=on --write_settings_files=off kyboard -c kyboard
quartus_fit --read_settings_files=off --write_settings_files=off kyboard -c kyboard
quartus_asm --read_settings_files=off --write_settings_files=off kyboard -c kyboard
quartus_sta kyboard -c kyboard
quartus_eda --read_settings_files=off --write_settings_files=off kyboard -c kyboard



