Analysis & Synthesis report for ep6_2
Mon Nov 04 18:39:16 2019
Quartus Prime Version 17.1.0 Build 590 10/25/2017 SJ Lite Edition


---------------------
; Table of Contents ;
---------------------
  1. Legal Notice
  2. Analysis & Synthesis Summary
  3. Analysis & Synthesis Settings
  4. Parallel Compilation
  5. Analysis & Synthesis Source Files Read
  6. Analysis & Synthesis Resource Usage Summary
  7. Analysis & Synthesis Resource Utilization by Entity
  8. Registers Removed During Synthesis
  9. General Register Statistics
 10. Post-Synthesis Netlist Statistics for Top Partition
 11. Elapsed Time Per Partition
 12. Analysis & Synthesis Messages



----------------
; Legal Notice ;
----------------
Copyright (C) 2017  Intel Corporation. All rights reserved.
Your use of Intel Corporation's design tools, logic functions 
and other software and tools, and its AMPP partner logic 
functions, and any output files from any of the foregoing 
(including device programming or simulation files), and any 
associated documentation or information are expressly subject 
to the terms and conditions of the Intel Program License 
Subscription Agreement, the Intel Quartus Prime License Agreement,
the Intel FPGA IP License Agreement, or other applicable license
agreement, including, without limitation, that your use is for
the sole purpose of programming logic devices manufactured by
Intel and sold by Intel or its authorized distributors.  Please
refer to the applicable agreement for further details.



+-------------------------------------------------------------------------------+
; Analysis & Synthesis Summary                                                  ;
+---------------------------------+---------------------------------------------+
; Analysis & Synthesis Status     ; Successful - Mon Nov 04 18:39:16 2019       ;
; Quartus Prime Version           ; 17.1.0 Build 590 10/25/2017 SJ Lite Edition ;
; Revision Name                   ; ep6_2                                       ;
; Top-level Entity Name           ; ep6_2                                       ;
; Family                          ; Cyclone V                                   ;
; Logic utilization (in ALMs)     ; N/A                                         ;
; Total registers                 ; 37                                          ;
; Total pins                      ; 56                                          ;
; Total virtual pins              ; 0                                           ;
; Total block memory bits         ; 0                                           ;
; Total DSP Blocks                ; 0                                           ;
; Total HSSI RX PCSs              ; 0                                           ;
; Total HSSI PMA RX Deserializers ; 0                                           ;
; Total HSSI TX PCSs              ; 0                                           ;
; Total HSSI PMA TX Serializers   ; 0                                           ;
; Total PLLs                      ; 0                                           ;
; Total DLLs                      ; 0                                           ;
+---------------------------------+---------------------------------------------+


+---------------------------------------------------------------------------------------------------------------------------+
; Analysis & Synthesis Settings                                                                                             ;
+---------------------------------------------------------------------------------+--------------------+--------------------+
; Option                                                                          ; Setting            ; Default Value      ;
+---------------------------------------------------------------------------------+--------------------+--------------------+
; Device                                                                          ; 5CSXFC6D6F31C6     ;                    ;
; Top-level entity name                                                           ; ep6_2              ; ep6_2              ;
; Family name                                                                     ; Cyclone V          ; Cyclone V          ;
; Use smart compilation                                                           ; Off                ; Off                ;
; Enable parallel Assembler and TimeQuest Timing Analyzer during compilation      ; On                 ; On                 ;
; Enable compact report table                                                     ; Off                ; Off                ;
; Restructure Multiplexers                                                        ; Auto               ; Auto               ;
; MLAB Add Timing Constraints For Mixed-Port Feed-Through Mode Setting Don't Care ; Off                ; Off                ;
; Create Debugging Nodes for IP Cores                                             ; Off                ; Off                ;
; Preserve fewer node names                                                       ; On                 ; On                 ;
; Intel FPGA IP Evaluation Mode                                                   ; Enable             ; Enable             ;
; Verilog Version                                                                 ; Verilog_2001       ; Verilog_2001       ;
; VHDL Version                                                                    ; VHDL_1993          ; VHDL_1993          ;
; State Machine Processing                                                        ; Auto               ; Auto               ;
; Safe State Machine                                                              ; Off                ; Off                ;
; Extract Verilog State Machines                                                  ; On                 ; On                 ;
; Extract VHDL State Machines                                                     ; On                 ; On                 ;
; Ignore Verilog initial constructs                                               ; Off                ; Off                ;
; Iteration limit for constant Verilog loops                                      ; 5000               ; 5000               ;
; Iteration limit for non-constant Verilog loops                                  ; 250                ; 250                ;
; Add Pass-Through Logic to Inferred RAMs                                         ; On                 ; On                 ;
; Infer RAMs from Raw Logic                                                       ; On                 ; On                 ;
; Parallel Synthesis                                                              ; On                 ; On                 ;
; DSP Block Balancing                                                             ; Auto               ; Auto               ;
; NOT Gate Push-Back                                                              ; On                 ; On                 ;
; Power-Up Don't Care                                                             ; On                 ; On                 ;
; Remove Redundant Logic Cells                                                    ; Off                ; Off                ;
; Remove Duplicate Registers                                                      ; On                 ; On                 ;
; Ignore CARRY Buffers                                                            ; Off                ; Off                ;
; Ignore CASCADE Buffers                                                          ; Off                ; Off                ;
; Ignore GLOBAL Buffers                                                           ; Off                ; Off                ;
; Ignore ROW GLOBAL Buffers                                                       ; Off                ; Off                ;
; Ignore LCELL Buffers                                                            ; Off                ; Off                ;
; Ignore SOFT Buffers                                                             ; On                 ; On                 ;
; Limit AHDL Integers to 32 Bits                                                  ; Off                ; Off                ;
; Optimization Technique                                                          ; Balanced           ; Balanced           ;
; Carry Chain Length                                                              ; 70                 ; 70                 ;
; Auto Carry Chains                                                               ; On                 ; On                 ;
; Auto Open-Drain Pins                                                            ; On                 ; On                 ;
; Perform WYSIWYG Primitive Resynthesis                                           ; Off                ; Off                ;
; Auto ROM Replacement                                                            ; On                 ; On                 ;
; Auto RAM Replacement                                                            ; On                 ; On                 ;
; Auto DSP Block Replacement                                                      ; On                 ; On                 ;
; Auto Shift Register Replacement                                                 ; Auto               ; Auto               ;
; Allow Shift Register Merging across Hierarchies                                 ; Auto               ; Auto               ;
; Auto Clock Enable Replacement                                                   ; On                 ; On                 ;
; Strict RAM Replacement                                                          ; Off                ; Off                ;
; Allow Synchronous Control Signals                                               ; On                 ; On                 ;
; Force Use of Synchronous Clear Signals                                          ; Off                ; Off                ;
; Auto Resource Sharing                                                           ; Off                ; Off                ;
; Allow Any RAM Size For Recognition                                              ; Off                ; Off                ;
; Allow Any ROM Size For Recognition                                              ; Off                ; Off                ;
; Allow Any Shift Register Size For Recognition                                   ; Off                ; Off                ;
; Use LogicLock Constraints during Resource Balancing                             ; On                 ; On                 ;
; Ignore translate_off and synthesis_off directives                               ; Off                ; Off                ;
; Timing-Driven Synthesis                                                         ; On                 ; On                 ;
; Report Parameter Settings                                                       ; On                 ; On                 ;
; Report Source Assignments                                                       ; On                 ; On                 ;
; Report Connectivity Checks                                                      ; On                 ; On                 ;
; Ignore Maximum Fan-Out Assignments                                              ; Off                ; Off                ;
; Synchronization Register Chain Length                                           ; 3                  ; 3                  ;
; Power Optimization During Synthesis                                             ; Normal compilation ; Normal compilation ;
; HDL message level                                                               ; Level2             ; Level2             ;
; Suppress Register Optimization Related Messages                                 ; Off                ; Off                ;
; Number of Removed Registers Reported in Synthesis Report                        ; 5000               ; 5000               ;
; Number of Swept Nodes Reported in Synthesis Report                              ; 5000               ; 5000               ;
; Number of Inverted Registers Reported in Synthesis Report                       ; 100                ; 100                ;
; Clock MUX Protection                                                            ; On                 ; On                 ;
; Auto Gated Clock Conversion                                                     ; Off                ; Off                ;
; Block Design Naming                                                             ; Auto               ; Auto               ;
; SDC constraint protection                                                       ; Off                ; Off                ;
; Synthesis Effort                                                                ; Auto               ; Auto               ;
; Shift Register Replacement - Allow Asynchronous Clear Signal                    ; On                 ; On                 ;
; Pre-Mapping Resynthesis Optimization                                            ; Off                ; Off                ;
; Analysis & Synthesis Message Level                                              ; Medium             ; Medium             ;
; Disable Register Merging Across Hierarchies                                     ; Auto               ; Auto               ;
; Resource Aware Inference For Block RAM                                          ; On                 ; On                 ;
; Automatic Parallel Synthesis                                                    ; On                 ; On                 ;
; Partial Reconfiguration Bitstream ID                                            ; Off                ; Off                ;
+---------------------------------------------------------------------------------+--------------------+--------------------+


+------------------------------------------+
; Parallel Compilation                     ;
+----------------------------+-------------+
; Processors                 ; Number      ;
+----------------------------+-------------+
; Number detected on machine ; 12          ;
; Maximum allowed            ; 6           ;
;                            ;             ;
; Average used               ; 1.00        ;
; Maximum used               ; 6           ;
;                            ;             ;
; Usage by Processor         ; % Time Used ;
;     Processor 1            ; 100.0%      ;
;     Processors 2-6         ;   0.0%      ;
+----------------------------+-------------+


+------------------------------------------------------------------------------------------------------------------------------------+
; Analysis & Synthesis Source Files Read                                                                                             ;
+----------------------------------+-----------------+------------------------------+--------------------------------------+---------+
; File Name with User-Entered Path ; Used in Netlist ; File Type                    ; File Name with Absolute Path         ; Library ;
+----------------------------------+-----------------+------------------------------+--------------------------------------+---------+
; my_clock.v                       ; yes             ; User Verilog HDL File        ; F:/FPGA Project/ep6/ep6_2/my_clock.v ;         ;
; my_hex.v                         ; yes             ; User Verilog HDL File        ; F:/FPGA Project/ep6/ep6_2/my_hex.v   ;         ;
; LFSR.v                           ; yes             ; User Verilog HDL File        ; F:/FPGA Project/ep6/ep6_2/LFSR.v     ;         ;
; ep6_2.v                          ; yes             ; Auto-Found Verilog HDL File  ; F:/FPGA Project/ep6/ep6_2/ep6_2.v    ;         ;
+----------------------------------+-----------------+------------------------------+--------------------------------------+---------+


+--------------------------------------------------------------+
; Analysis & Synthesis Resource Usage Summary                  ;
+---------------------------------------------+----------------+
; Resource                                    ; Usage          ;
+---------------------------------------------+----------------+
; Estimate of Logic utilization (ALMs needed) ; 28             ;
;                                             ;                ;
; Combinational ALUT usage for logic          ; 49             ;
;     -- 7 input functions                    ; 0              ;
;     -- 6 input functions                    ; 5              ;
;     -- 5 input functions                    ; 3              ;
;     -- 4 input functions                    ; 16             ;
;     -- <=3 input functions                  ; 25             ;
;                                             ;                ;
; Dedicated logic registers                   ; 37             ;
;                                             ;                ;
; I/O pins                                    ; 56             ;
;                                             ;                ;
; Total DSP Blocks                            ; 0              ;
;                                             ;                ;
; Maximum fan-out node                        ; CLOCK_50~input ;
; Maximum fan-out                             ; 26             ;
; Total fan-out                               ; 327            ;
; Average fan-out                             ; 1.65           ;
+---------------------------------------------+----------------+


+------------------------------------------------------------------------------------------------------------------------------------------------------------------------------------------------------+
; Analysis & Synthesis Resource Utilization by Entity                                                                                                                                                  ;
+----------------------------+---------------------+---------------------------+-------------------+------------+------+--------------+-----------------------------------+-------------+--------------+
; Compilation Hierarchy Node ; Combinational ALUTs ; Dedicated Logic Registers ; Block Memory Bits ; DSP Blocks ; Pins ; Virtual Pins ; Full Hierarchy Name               ; Entity Name ; Library Name ;
+----------------------------+---------------------+---------------------------+-------------------+------------+------+--------------+-----------------------------------+-------------+--------------+
; |ep6_2                     ; 49 (0)              ; 37 (0)                    ; 0                 ; 0          ; 56   ; 0            ; |ep6_2                            ; ep6_2       ; work         ;
;    |LFSR:my_lfsr|          ; 49 (4)              ; 37 (11)                   ; 0                 ; 0          ; 0    ; 0            ; |ep6_2|LFSR:my_lfsr               ; LFSR        ; work         ;
;       |my_clock:mclk|      ; 31 (31)             ; 26 (26)                   ; 0                 ; 0          ; 0    ; 0            ; |ep6_2|LFSR:my_lfsr|my_clock:mclk ; my_clock    ; work         ;
;       |my_hex:h0|          ; 7 (7)               ; 0 (0)                     ; 0                 ; 0          ; 0    ; 0            ; |ep6_2|LFSR:my_lfsr|my_hex:h0     ; my_hex      ; work         ;
;       |my_hex:h1|          ; 7 (7)               ; 0 (0)                     ; 0                 ; 0          ; 0    ; 0            ; |ep6_2|LFSR:my_lfsr|my_hex:h1     ; my_hex      ; work         ;
+----------------------------+---------------------+---------------------------+-------------------+------------+------+--------------+-----------------------------------+-------------+--------------+
Note: For table entries with two numbers listed, the numbers in parentheses indicate the number of resources of the given type used by the specific entity alone. The numbers listed outside of parentheses indicate the total resources of the given type used by the specific entity and all of its sub-entities in the hierarchy.


+---------------------------------------------------------------------------+
; Registers Removed During Synthesis                                        ;
+---------------------------------------+-----------------------------------+
; Register name                         ; Reason for Removal                ;
+---------------------------------------+-----------------------------------+
; LFSR:my_lfsr|rand[0]                  ; Merged with LFSR:my_lfsr|hex0_[1] ;
; LFSR:my_lfsr|rand[2]                  ; Merged with LFSR:my_lfsr|hex0_[3] ;
; LFSR:my_lfsr|rand[4]                  ; Merged with LFSR:my_lfsr|hex1_[1] ;
; LFSR:my_lfsr|rand[5]                  ; Merged with LFSR:my_lfsr|hex1_[2] ;
; LFSR:my_lfsr|rand[6]                  ; Merged with LFSR:my_lfsr|hex1_[3] ;
; Total Number of Removed Registers = 5 ;                                   ;
+---------------------------------------+-----------------------------------+


+------------------------------------------------------+
; General Register Statistics                          ;
+----------------------------------------------+-------+
; Statistic                                    ; Value ;
+----------------------------------------------+-------+
; Total registers                              ; 37    ;
; Number of registers using Synchronous Clear  ; 25    ;
; Number of registers using Synchronous Load   ; 0     ;
; Number of registers using Asynchronous Clear ; 0     ;
; Number of registers using Asynchronous Load  ; 0     ;
; Number of registers using Clock Enable       ; 0     ;
; Number of registers using Preset             ; 0     ;
+----------------------------------------------+-------+


+-----------------------------------------------------+
; Post-Synthesis Netlist Statistics for Top Partition ;
+-----------------------+-----------------------------+
; Type                  ; Count                       ;
+-----------------------+-----------------------------+
; arriav_ff             ; 37                          ;
;     SCLR              ; 25                          ;
;     plain             ; 12                          ;
; arriav_lcell_comb     ; 53                          ;
;     arith             ; 25                          ;
;         1 data inputs ; 25                          ;
;     normal            ; 28                          ;
;         0 data inputs ; 2                           ;
;         1 data inputs ; 2                           ;
;         4 data inputs ; 16                          ;
;         5 data inputs ; 3                           ;
;         6 data inputs ; 5                           ;
; boundary_port         ; 56                          ;
;                       ;                             ;
; Max LUT depth         ; 3.40                        ;
; Average LUT depth     ; 2.24                        ;
+-----------------------+-----------------------------+


+-------------------------------+
; Elapsed Time Per Partition    ;
+----------------+--------------+
; Partition Name ; Elapsed Time ;
+----------------+--------------+
; Top            ; 00:00:00     ;
+----------------+--------------+


+-------------------------------+
; Analysis & Synthesis Messages ;
+-------------------------------+
Info: *******************************************************************
Info: Running Quartus Prime Analysis & Synthesis
    Info: Version 17.1.0 Build 590 10/25/2017 SJ Lite Edition
    Info: Processing started: Mon Nov 04 18:39:06 2019
Info: Command: quartus_map --read_settings_files=on --write_settings_files=off ep6_2 -c ep6_2
Warning (18236): Number of processors has not been specified which may cause overloading on shared machines.  Set the global assignment NUM_PARALLEL_PROCESSORS in your QSF to an appropriate value for best performance.
Info (20030): Parallel compilation is enabled and will use 6 of the 6 processors detected
Info (12021): Found 1 design units, including 1 entities, in source file my_clock.v
    Info (12023): Found entity 1: my_clock File: F:/FPGA Project/ep6/ep6_2/my_clock.v Line: 1
Info (12021): Found 1 design units, including 1 entities, in source file my_hex.v
    Info (12023): Found entity 1: my_hex File: F:/FPGA Project/ep6/ep6_2/my_hex.v Line: 1
Warning (10463): Verilog HDL Declaration warning at LFSR.v(7): "rand" is SystemVerilog-2005 keyword File: F:/FPGA Project/ep6/ep6_2/LFSR.v Line: 7
Info (12021): Found 1 design units, including 1 entities, in source file lfsr.v
    Info (12023): Found entity 1: LFSR File: F:/FPGA Project/ep6/ep6_2/LFSR.v Line: 1
Warning (12125): Using design file ep6_2.v, which is not specified as a design file for the current project, but contains definitions for 1 design units and 1 entities in project
    Info (12023): Found entity 1: ep6_2 File: F:/FPGA Project/ep6/ep6_2/ep6_2.v Line: 6
Info (12127): Elaborating entity "ep6_2" for the top level hierarchy
Warning (10034): Output port "HEX2" at ep6_2.v(20) has no driver File: F:/FPGA Project/ep6/ep6_2/ep6_2.v Line: 20
Info (12128): Elaborating entity "LFSR" for hierarchy "LFSR:my_lfsr" File: F:/FPGA Project/ep6/ep6_2/ep6_2.v Line: 37
Info (12128): Elaborating entity "my_clock" for hierarchy "LFSR:my_lfsr|my_clock:mclk" File: F:/FPGA Project/ep6/ep6_2/LFSR.v Line: 9
Warning (10230): Verilog HDL assignment warning at my_clock.v(14): truncated value with size 32 to match size of target (25) File: F:/FPGA Project/ep6/ep6_2/my_clock.v Line: 14
Info (12128): Elaborating entity "my_hex" for hierarchy "LFSR:my_lfsr|my_hex:h0" File: F:/FPGA Project/ep6/ep6_2/LFSR.v Line: 10
Warning (13024): Output pins are stuck at VCC or GND
    Warning (13410): Pin "HEX2[0]" is stuck at GND File: F:/FPGA Project/ep6/ep6_2/ep6_2.v Line: 20
    Warning (13410): Pin "HEX2[1]" is stuck at GND File: F:/FPGA Project/ep6/ep6_2/ep6_2.v Line: 20
    Warning (13410): Pin "HEX2[2]" is stuck at GND File: F:/FPGA Project/ep6/ep6_2/ep6_2.v Line: 20
    Warning (13410): Pin "HEX2[3]" is stuck at GND File: F:/FPGA Project/ep6/ep6_2/ep6_2.v Line: 20
    Warning (13410): Pin "HEX2[4]" is stuck at GND File: F:/FPGA Project/ep6/ep6_2/ep6_2.v Line: 20
    Warning (13410): Pin "HEX2[5]" is stuck at GND File: F:/FPGA Project/ep6/ep6_2/ep6_2.v Line: 20
    Warning (13410): Pin "HEX2[6]" is stuck at GND File: F:/FPGA Project/ep6/ep6_2/ep6_2.v Line: 20
    Warning (13410): Pin "HEX3[0]" is stuck at VCC File: F:/FPGA Project/ep6/ep6_2/ep6_2.v Line: 21
    Warning (13410): Pin "HEX3[1]" is stuck at VCC File: F:/FPGA Project/ep6/ep6_2/ep6_2.v Line: 21
    Warning (13410): Pin "HEX3[2]" is stuck at VCC File: F:/FPGA Project/ep6/ep6_2/ep6_2.v Line: 21
    Warning (13410): Pin "HEX3[3]" is stuck at VCC File: F:/FPGA Project/ep6/ep6_2/ep6_2.v Line: 21
    Warning (13410): Pin "HEX3[4]" is stuck at VCC File: F:/FPGA Project/ep6/ep6_2/ep6_2.v Line: 21
    Warning (13410): Pin "HEX3[5]" is stuck at VCC File: F:/FPGA Project/ep6/ep6_2/ep6_2.v Line: 21
    Warning (13410): Pin "HEX3[6]" is stuck at VCC File: F:/FPGA Project/ep6/ep6_2/ep6_2.v Line: 21
    Warning (13410): Pin "HEX4[0]" is stuck at VCC File: F:/FPGA Project/ep6/ep6_2/ep6_2.v Line: 22
    Warning (13410): Pin "HEX4[1]" is stuck at VCC File: F:/FPGA Project/ep6/ep6_2/ep6_2.v Line: 22
    Warning (13410): Pin "HEX4[2]" is stuck at VCC File: F:/FPGA Project/ep6/ep6_2/ep6_2.v Line: 22
    Warning (13410): Pin "HEX4[3]" is stuck at VCC File: F:/FPGA Project/ep6/ep6_2/ep6_2.v Line: 22
    Warning (13410): Pin "HEX4[4]" is stuck at VCC File: F:/FPGA Project/ep6/ep6_2/ep6_2.v Line: 22
    Warning (13410): Pin "HEX4[5]" is stuck at VCC File: F:/FPGA Project/ep6/ep6_2/ep6_2.v Line: 22
    Warning (13410): Pin "HEX4[6]" is stuck at VCC File: F:/FPGA Project/ep6/ep6_2/ep6_2.v Line: 22
    Warning (13410): Pin "HEX5[0]" is stuck at VCC File: F:/FPGA Project/ep6/ep6_2/ep6_2.v Line: 24
    Warning (13410): Pin "HEX5[1]" is stuck at VCC File: F:/FPGA Project/ep6/ep6_2/ep6_2.v Line: 24
    Warning (13410): Pin "HEX5[2]" is stuck at VCC File: F:/FPGA Project/ep6/ep6_2/ep6_2.v Line: 24
    Warning (13410): Pin "HEX5[3]" is stuck at VCC File: F:/FPGA Project/ep6/ep6_2/ep6_2.v Line: 24
    Warning (13410): Pin "HEX5[4]" is stuck at VCC File: F:/FPGA Project/ep6/ep6_2/ep6_2.v Line: 24
    Warning (13410): Pin "HEX5[5]" is stuck at VCC File: F:/FPGA Project/ep6/ep6_2/ep6_2.v Line: 24
    Warning (13410): Pin "HEX5[6]" is stuck at VCC File: F:/FPGA Project/ep6/ep6_2/ep6_2.v Line: 24
Info (286030): Timing-Driven Synthesis is running
Info (16010): Generating hard_block partition "hard_block:auto_generated_inst"
    Info (16011): Adding 0 node(s), including 0 DDIO, 0 PLL, 0 transceiver and 0 LCELL
Warning (21074): Design contains 13 input pin(s) that do not drive logic
    Warning (15610): No output dependent on input pin "CLOCK2_50" File: F:/FPGA Project/ep6/ep6_2/ep6_2.v Line: 9
    Warning (15610): No output dependent on input pin "CLOCK3_50" File: F:/FPGA Project/ep6/ep6_2/ep6_2.v Line: 10
    Warning (15610): No output dependent on input pin "CLOCK4_50" File: F:/FPGA Project/ep6/ep6_2/ep6_2.v Line: 11
    Warning (15610): No output dependent on input pin "SW[0]" File: F:/FPGA Project/ep6/ep6_2/ep6_2.v Line: 15
    Warning (15610): No output dependent on input pin "SW[1]" File: F:/FPGA Project/ep6/ep6_2/ep6_2.v Line: 15
    Warning (15610): No output dependent on input pin "SW[2]" File: F:/FPGA Project/ep6/ep6_2/ep6_2.v Line: 15
    Warning (15610): No output dependent on input pin "SW[3]" File: F:/FPGA Project/ep6/ep6_2/ep6_2.v Line: 15
    Warning (15610): No output dependent on input pin "SW[4]" File: F:/FPGA Project/ep6/ep6_2/ep6_2.v Line: 15
    Warning (15610): No output dependent on input pin "SW[5]" File: F:/FPGA Project/ep6/ep6_2/ep6_2.v Line: 15
    Warning (15610): No output dependent on input pin "SW[6]" File: F:/FPGA Project/ep6/ep6_2/ep6_2.v Line: 15
    Warning (15610): No output dependent on input pin "SW[7]" File: F:/FPGA Project/ep6/ep6_2/ep6_2.v Line: 15
    Warning (15610): No output dependent on input pin "SW[8]" File: F:/FPGA Project/ep6/ep6_2/ep6_2.v Line: 15
    Warning (15610): No output dependent on input pin "SW[9]" File: F:/FPGA Project/ep6/ep6_2/ep6_2.v Line: 15
Info (21057): Implemented 113 device resources after synthesis - the final resource count might be different
    Info (21058): Implemented 14 input pins
    Info (21059): Implemented 42 output pins
    Info (21061): Implemented 57 logic cells
Info: Quartus Prime Analysis & Synthesis was successful. 0 errors, 48 warnings
    Info: Peak virtual memory: 4851 megabytes
    Info: Processing ended: Mon Nov 04 18:39:16 2019
    Info: Elapsed time: 00:00:10
    Info: Total CPU time (on all processors): 00:00:20


